Using pre-set license
Built from '2020.3/staging' branch; Version is '2020.3.22f1 (e1a7f79fd887) revision 14788599'; Using compiler version '192528614'; Build Type 'Release'
OS: 'Windows 10 Home; OS build 19043.1348; Version 2009; 64bit' Language: 'en' Physical Memory: 16304 MB
BatchMode: 1, IsHumanControllingUs: 0, StartBugReporterOnCrash: 0, Is64bit: 1, IsPro: 0

COMMAND LINE ARGUMENTS:
C:\Program Files\Unity\Hub\Editor\2020.3.22f1\Editor\Unity.exe
-adb2
-batchMode
-noUpm
-name
AssetImportWorker0
-projectPath
C:/Users/tompo/OneDrive/Desktop/Pink-Team-Spleunky-Working-Version
-logFile
Logs/AssetImportWorker0.log
-srvPort
62722
Successfully changed project path to: C:/Users/tompo/OneDrive/Desktop/Pink-Team-Spleunky-Working-Version
C:/Users/tompo/OneDrive/Desktop/Pink-Team-Spleunky-Working-Version
Using Asset Import Pipeline V2.
Refreshing native plugins compatible for Editor in 53.32 ms, found 3 plugins.
Preloading 0 native plugins for Editor in 0.00 ms.
Initialize engine version: 2020.3.22f1 (e1a7f79fd887)
[Subsystems] Discovering subsystems at path C:/Program Files/Unity/Hub/Editor/2020.3.22f1/Editor/Data/Resources/UnitySubsystems
[Subsystems] Discovering subsystems at path C:/Users/tompo/OneDrive/Desktop/Pink-Team-Spleunky-Working-Version/Assets
GfxDevice: creating device client; threaded=0
Direct3D:
    Version:  Direct3D 11.0 [level 11.1]
    Renderer: NVIDIA GeForce GTX 1060 6GB (ID=0x1c03)
    Vendor:   
    VRAM:     6052 MB
    Driver:   30.0.14.7212
Initialize mono
Mono path[0] = 'C:/Program Files/Unity/Hub/Editor/2020.3.22f1/Editor/Data/Managed'
Mono path[1] = 'C:/Program Files/Unity/Hub/Editor/2020.3.22f1/Editor/Data/MonoBleedingEdge/lib/mono/unityjit'
Mono config path = 'C:/Program Files/Unity/Hub/Editor/2020.3.22f1/Editor/Data/MonoBleedingEdge/etc'
Using monoOptions --debugger-agent=transport=dt_socket,embedding=1,server=y,suspend=n,address=127.0.0.1:56512
Begin MonoManager ReloadAssembly
Registering precompiled unity dll's ...
Register platform support module: C:/Program Files/Unity/Hub/Editor/2020.3.22f1/Editor/Data/PlaybackEngines/WindowsStandaloneSupport/UnityEditor.WindowsStandalone.Extensions.dll
Registered in 0.002803 seconds.
Native extension for WindowsStandalone target not found
Refreshing native plugins compatible for Editor in 51.33 ms, found 3 plugins.
Preloading 0 native plugins for Editor in 0.00 ms.
Mono: successfully reloaded assembly
- Completed reload, in  1.435 seconds
Domain Reload Profiling:
	ReloadAssembly (1435ms)
		BeginReloadAssembly (62ms)
			ExecutionOrderSort (0ms)
			DisableScriptedObjects (0ms)
			BackupInstance (0ms)
			ReleaseScriptingObjects (0ms)
			CreateAndSetChildDomain (1ms)
		EndReloadAssembly (496ms)
			LoadAssemblies (58ms)
			RebuildTransferFunctionScriptingTraits (0ms)
			SetupTypeCache (162ms)
			ReleaseScriptCaches (0ms)
			RebuildScriptCaches (31ms)
			SetupLoadedEditorAssemblies (192ms)
				LogAssemblyErrors (0ms)
				InitializePlatformSupportModulesInManaged (5ms)
				SetLoadedEditorAssemblies (0ms)
				RefreshPlugins (51ms)
				BeforeProcessingInitializeOnLoad (18ms)
				ProcessInitializeOnLoadAttributes (87ms)
				ProcessInitializeOnLoadMethodAttributes (31ms)
				AfterProcessingInitializeOnLoad (0ms)
				EditorAssembliesLoaded (0ms)
			ExecutionOrderSort2 (0ms)
			AwakeInstancesAfterBackupRestoration (0ms)
Platform modules already initialized, skipping
Registering precompiled user dll's ...
Registered in 0.007907 seconds.
Begin MonoManager ReloadAssembly
Native extension for WindowsStandalone target not found
Refreshing native plugins compatible for Editor in 50.75 ms, found 3 plugins.
Preloading 0 native plugins for Editor in 0.00 ms.
Mono: successfully reloaded assembly
- Completed reload, in  1.259 seconds
Domain Reload Profiling:
	ReloadAssembly (1260ms)
		BeginReloadAssembly (159ms)
			ExecutionOrderSort (0ms)
			DisableScriptedObjects (5ms)
			BackupInstance (0ms)
			ReleaseScriptingObjects (0ms)
			CreateAndSetChildDomain (19ms)
		EndReloadAssembly (1024ms)
			LoadAssemblies (110ms)
			RebuildTransferFunctionScriptingTraits (0ms)
			SetupTypeCache (329ms)
			ReleaseScriptCaches (1ms)
			RebuildScriptCaches (49ms)
			SetupLoadedEditorAssemblies (393ms)
				LogAssemblyErrors (0ms)
				InitializePlatformSupportModulesInManaged (5ms)
				SetLoadedEditorAssemblies (0ms)
				RefreshPlugins (51ms)
				BeforeProcessingInitializeOnLoad (97ms)
				ProcessInitializeOnLoadAttributes (211ms)
				ProcessInitializeOnLoadMethodAttributes (18ms)
				AfterProcessingInitializeOnLoad (10ms)
				EditorAssembliesLoaded (0ms)
			ExecutionOrderSort2 (0ms)
			AwakeInstancesAfterBackupRestoration (7ms)
Platform modules already initialized, skipping
========================================================================
Worker process is ready to serve import requests
Launched and connected shader compiler UnityShaderCompiler.exe after 0.07 seconds
Refreshing native plugins compatible for Editor in 0.53 ms, found 3 plugins.
Preloading 0 native plugins for Editor in 0.00 ms.
Unloading 2193 Unused Serialized files (Serialized files now loaded: 0)
System memory in use before: 95.9 MB.
System memory in use after: 96.0 MB.

Unloading 28 unused Assets to reduce memory usage. Loaded Objects now: 2627.
Total: 3.575400 ms (FindLiveObjects: 0.255600 ms CreateObjectMapping: 0.052400 ms MarkObjects: 3.184200 ms  DeleteObjects: 0.081900 ms)

AssetImportParameters requested are different than current active one (requested -> active):
  custom:framework-win-MediaFoundation: 216162199b28c13a410421893ffa2e32 -> 
  custom:video-decoder-ogg-theora: a1e56fd34408186e4bbccfd4996cb3dc -> 
  custom:container-muxer-webm: aa71ff27fc2769a1b78a27578f13a17b -> 
  custom:container-demuxer-webm: 4f35f7cbe854078d1ac9338744f61a02 -> 
  custom:container-demuxer-ogg: 62fdf1f143b41e24485cea50d1cbac27 -> 
  custom:video-encoder-webm-vp8: eb34c28f22e8b96e1ab97ce403110664 -> 
  custom:video-decoder-webm-vp8: 9c59270c3fd7afecdb556c50c9e8de78 -> 
  custom:audio-decoder-ogg-vorbis: bf7c407c2cedff20999df2af8eb42d56 -> 
  custom:audio-encoder-webm-vorbis: bf7c407c2cedff20999df2af8eb42d56 -> 
========================================================================
Received Import Request.
  path: Assets/Environment/Map Design/Sprites/amethyst_cluster.png
  artifactKey: Guid(c9360e80e8cef974d91ec295ac7ea56c) Importer(815301076,1909f56bfc062723c751e8b465ee728b)
Start importing Assets/Environment/Map Design/Sprites/amethyst_cluster.png using Guid(c9360e80e8cef974d91ec295ac7ea56c) Importer(815301076,1909f56bfc062723c751e8b465ee728b)  -> (artifact id: '3d2dcd3b9c30cb84c3bb9673db2b8d93') in 0.145278 seconds 
  Import took 0.149352 seconds .

========================================================================
Received Import Request.
  Time since last request: 45.718090 seconds.
  path: Assets/Environment/Map Design/Sprites/cave_vines_plant_lit.png
  artifactKey: Guid(a630847647e10774bbd18c26b878468f) Importer(815301076,1909f56bfc062723c751e8b465ee728b)
Start importing Assets/Environment/Map Design/Sprites/cave_vines_plant_lit.png using Guid(a630847647e10774bbd18c26b878468f) Importer(815301076,1909f56bfc062723c751e8b465ee728b)  -> (artifact id: '46063bba1e96350ee06706342e20e85e') in 0.022442 seconds 
  Import took 0.027770 seconds .

========================================================================
Received Import Request.
  Time since last request: 15.620707 seconds.
  path: Assets/Environment/Map Design/Sprites/big_dripleaf_stem.png
  artifactKey: Guid(58f3c7fcd790d96478bdb5b9f394dccb) Importer(815301076,1909f56bfc062723c751e8b465ee728b)
Start importing Assets/Environment/Map Design/Sprites/big_dripleaf_stem.png using Guid(58f3c7fcd790d96478bdb5b9f394dccb) Importer(815301076,1909f56bfc062723c751e8b465ee728b)  -> (artifact id: '4e3b7f6bfc9a75a4fa51e17ca6bf28d1') in 0.017031 seconds 
  Import took 0.020686 seconds .

========================================================================
Received Import Request.
  Time since last request: 38.869148 seconds.
  path: Assets/Environment/Map Design/Sprites/stonecutter_saw.png
  artifactKey: Guid(3a8c4073e5e857b41a34d84deb40e8be) Importer(815301076,1909f56bfc062723c751e8b465ee728b)
Start importing Assets/Environment/Map Design/Sprites/stonecutter_saw.png using Guid(3a8c4073e5e857b41a34d84deb40e8be) Importer(815301076,1909f56bfc062723c751e8b465ee728b)  -> (artifact id: 'f71811c760a89bd63e4f91b28b22cf17') in 0.046935 seconds 
  Import took 0.051417 seconds .

========================================================================
Received Import Request.
  Time since last request: 8.042888 seconds.
  path: Assets/Environment/Map Design/Sprites/torch.png
  artifactKey: Guid(48131d3d9b02b0a4eb4351b74aff7dde) Importer(815301076,1909f56bfc062723c751e8b465ee728b)
Start importing Assets/Environment/Map Design/Sprites/torch.png using Guid(48131d3d9b02b0a4eb4351b74aff7dde) Importer(815301076,1909f56bfc062723c751e8b465ee728b)  -> (artifact id: 'fc02b43ff3e80732579e722123be1d49') in 0.018470 seconds 
  Import took 0.022110 seconds .

========================================================================
Received Import Request.
  Time since last request: 13.174917 seconds.
  path: Assets/Environment/Map Design/Sprites/medium_amethyst_bud.png
  artifactKey: Guid(9dde2c9417d9a0140a25ac545b51ae2d) Importer(815301076,1909f56bfc062723c751e8b465ee728b)
Start importing Assets/Environment/Map Design/Sprites/medium_amethyst_bud.png using Guid(9dde2c9417d9a0140a25ac545b51ae2d) Importer(815301076,1909f56bfc062723c751e8b465ee728b)  -> (artifact id: 'b79db6c8b3e6512b59097eaad6f699df') in 0.016576 seconds 
  Import took 0.020149 seconds .

========================================================================
Received Import Request.
  Time since last request: 43.901754 seconds.
  path: Assets/Environment/Map Design/Sprites/chain.png
  artifactKey: Guid(c15b97ce6926b524aa15dd8483f72752) Importer(815301076,1909f56bfc062723c751e8b465ee728b)
Start importing Assets/Environment/Map Design/Sprites/chain.png using Guid(c15b97ce6926b524aa15dd8483f72752) Importer(815301076,1909f56bfc062723c751e8b465ee728b)  -> (artifact id: '9105a8419146fafa88d2a5e86c322794') in 0.017538 seconds 
  Import took 0.021153 seconds .

========================================================================
Received Import Request.
  Time since last request: 85.241517 seconds.
  path: Assets/Environment/Map Design/Sprites/chain.png
  artifactKey: Guid(c15b97ce6926b524aa15dd8483f72752) Importer(815301076,1909f56bfc062723c751e8b465ee728b)
Start importing Assets/Environment/Map Design/Sprites/chain.png using Guid(c15b97ce6926b524aa15dd8483f72752) Importer(815301076,1909f56bfc062723c751e8b465ee728b)  -> (artifact id: '135a16b919b7da53e685e4b372aa9b65') in 0.016665 seconds 
  Import took 0.020510 seconds .

========================================================================
Received Import Request.
  Time since last request: 32.564466 seconds.
  path: Assets/Environment/Map Design/Sprites/big_dripleaf_stem.png
  artifactKey: Guid(58f3c7fcd790d96478bdb5b9f394dccb) Importer(815301076,1909f56bfc062723c751e8b465ee728b)
Start importing Assets/Environment/Map Design/Sprites/big_dripleaf_stem.png using Guid(58f3c7fcd790d96478bdb5b9f394dccb) Importer(815301076,1909f56bfc062723c751e8b465ee728b)  -> (artifact id: 'a8a09be34b55c2acafbd292cf666beab') in 0.018814 seconds 
  Import took 0.022970 seconds .

========================================================================
Received Import Request.
  Time since last request: 10.021546 seconds.
  path: Assets/Environment/Map Design/Sprites/cave_vines_plant_lit.png
  artifactKey: Guid(a630847647e10774bbd18c26b878468f) Importer(815301076,1909f56bfc062723c751e8b465ee728b)
Start importing Assets/Environment/Map Design/Sprites/cave_vines_plant_lit.png using Guid(a630847647e10774bbd18c26b878468f) Importer(815301076,1909f56bfc062723c751e8b465ee728b)  -> (artifact id: 'a72f8046e858e7a2332b92d32e44922a') in 0.017417 seconds 
  Import took 0.021147 seconds .

========================================================================
Received Import Request.
  Time since last request: 186.294694 seconds.
  path: Assets/Environment/Map Design/Sprites/chain.png
  artifactKey: Guid(c15b97ce6926b524aa15dd8483f72752) Importer(815301076,1909f56bfc062723c751e8b465ee728b)
Start importing Assets/Environment/Map Design/Sprites/chain.png using Guid(c15b97ce6926b524aa15dd8483f72752) Importer(815301076,1909f56bfc062723c751e8b465ee728b)  -> (artifact id: '5a5ca3d3af88733a0e679bcaa0934d0d') in 0.015060 seconds 
  Import took 0.019127 seconds .

========================================================================
Received Import Request.
  Time since last request: 5.435572 seconds.
  path: Assets/Environment/Map Design/Sprites/chain.png
  artifactKey: Guid(c15b97ce6926b524aa15dd8483f72752) Importer(815301076,1909f56bfc062723c751e8b465ee728b)
Start importing Assets/Environment/Map Design/Sprites/chain.png using Guid(c15b97ce6926b524aa15dd8483f72752) Importer(815301076,1909f56bfc062723c751e8b465ee728b)  -> (artifact id: '71e8008bb67124c8f15e4e4d1d79693a') in 0.016366 seconds 
  Import took 0.020114 seconds .

========================================================================
Received Import Request.
  Time since last request: 37.703261 seconds.
  path: Assets/Environment/Map Design/Prefabs/Rope prefabs/Chain.prefab
  artifactKey: Guid(82e6508ffaf25254dbdd26eb66a673f1) Importer(815301076,1909f56bfc062723c751e8b465ee728b)
Start importing Assets/Environment/Map Design/Prefabs/Rope prefabs/Chain.prefab using Guid(82e6508ffaf25254dbdd26eb66a673f1) Importer(815301076,1909f56bfc062723c751e8b465ee728b)  -> (artifact id: '0fd3da0370c7d73d4a70f751df911dde') in 0.063702 seconds 
  Import took 0.068561 seconds .

========================================================================
Received Import Request.
  Time since last request: 2.000280 seconds.
  path: Assets/Environment/Map Design/Prefabs/Rope prefabs/cave_vines_plant_lit.prefab
  artifactKey: Guid(a9244f5509fe4404992e2c51f9701156) Importer(815301076,1909f56bfc062723c751e8b465ee728b)
Start importing Assets/Environment/Map Design/Prefabs/Rope prefabs/cave_vines_plant_lit.prefab using Guid(a9244f5509fe4404992e2c51f9701156) Importer(815301076,1909f56bfc062723c751e8b465ee728b)  -> (artifact id: 'b087dbcdebb8d9959252c4d003006158') in 0.016347 seconds 
  Import took 0.021133 seconds .

========================================================================
Received Import Request.
  Time since last request: 1.998292 seconds.
  path: Assets/Environment/Map Design/Prefabs/Rope prefabs/big_dripleaf_stem.prefab
  artifactKey: Guid(99d290ad32202e344a21042f867cf0c4) Importer(815301076,1909f56bfc062723c751e8b465ee728b)
Start importing Assets/Environment/Map Design/Prefabs/Rope prefabs/big_dripleaf_stem.prefab using Guid(99d290ad32202e344a21042f867cf0c4) Importer(815301076,1909f56bfc062723c751e8b465ee728b)  -> (artifact id: '01c5c8101df1819a0cf26bfda36b3caf') in 0.015468 seconds 
  Import took 0.019572 seconds .

========================================================================
Received Import Request.
  Time since last request: 8.256630 seconds.
  path: Assets/Environment/Map Design/Prefabs/Rope prefabs/SpawnRope.prefab
  artifactKey: Guid(3bfb95113a50d7842a78e28331fc1fa3) Importer(815301076,1909f56bfc062723c751e8b465ee728b)
Start importing Assets/Environment/Map Design/Prefabs/Rope prefabs/SpawnRope.prefab using Guid(3bfb95113a50d7842a78e28331fc1fa3) Importer(815301076,1909f56bfc062723c751e8b465ee728b)  -> (artifact id: '3f4ae9711e7024d880129150af0bde1e') in 0.018395 seconds 
  Import took 0.023474 seconds .

========================================================================
Received Import Request.
  Time since last request: 5.491566 seconds.
  path: Assets/Environment/Map Design/Prefabs/Rope prefabs/SpawnRope.prefab
  artifactKey: Guid(3bfb95113a50d7842a78e28331fc1fa3) Importer(815301076,1909f56bfc062723c751e8b465ee728b)
Start importing Assets/Environment/Map Design/Prefabs/Rope prefabs/SpawnRope.prefab using Guid(3bfb95113a50d7842a78e28331fc1fa3) Importer(815301076,1909f56bfc062723c751e8b465ee728b)  -> (artifact id: 'dba68803ae644b09769466767fa4cde8') in 0.014587 seconds 
  Import took 0.018823 seconds .

========================================================================
Received Import Request.
  Time since last request: 3.637512 seconds.
  path: Assets/Environment/Map Design/Prefabs/Rope prefabs/SpawnRope.prefab
  artifactKey: Guid(3bfb95113a50d7842a78e28331fc1fa3) Importer(815301076,1909f56bfc062723c751e8b465ee728b)
Start importing Assets/Environment/Map Design/Prefabs/Rope prefabs/SpawnRope.prefab using Guid(3bfb95113a50d7842a78e28331fc1fa3) Importer(815301076,1909f56bfc062723c751e8b465ee728b)  -> (artifact id: 'ba3b59c7bbad7687a5fc056fc6ab4c98') in 0.012468 seconds 
  Import took 0.017599 seconds .

========================================================================
Received Prepare
Registering precompiled user dll's ...
Registered in 0.108124 seconds.
Begin MonoManager ReloadAssembly
Native extension for WindowsStandalone target not found
Refreshing native plugins compatible for Editor in 0.56 ms, found 3 plugins.
Preloading 0 native plugins for Editor in 0.00 ms.
Mono: successfully reloaded assembly
- Completed reload, in  1.174 seconds
Domain Reload Profiling:
	ReloadAssembly (1174ms)
		BeginReloadAssembly (140ms)
			ExecutionOrderSort (0ms)
			DisableScriptedObjects (9ms)
			BackupInstance (0ms)
			ReleaseScriptingObjects (0ms)
			CreateAndSetChildDomain (46ms)
		EndReloadAssembly (953ms)
			LoadAssemblies (111ms)
			RebuildTransferFunctionScriptingTraits (0ms)
			SetupTypeCache (327ms)
			ReleaseScriptCaches (1ms)
			RebuildScriptCaches (51ms)
			SetupLoadedEditorAssemblies (349ms)
				LogAssemblyErrors (0ms)
				InitializePlatformSupportModulesInManaged (6ms)
				SetLoadedEditorAssemblies (0ms)
				RefreshPlugins (1ms)
				BeforeProcessingInitializeOnLoad (101ms)
				ProcessInitializeOnLoadAttributes (218ms)
				ProcessInitializeOnLoadMethodAttributes (13ms)
				AfterProcessingInitializeOnLoad (11ms)
				EditorAssembliesLoaded (0ms)
			ExecutionOrderSort2 (0ms)
			AwakeInstancesAfterBackupRestoration (10ms)
Platform modules already initialized, skipping
Refreshing native plugins compatible for Editor in 0.53 ms, found 3 plugins.
Preloading 0 native plugins for Editor in 0.00 ms.
Unloading 2182 Unused Serialized files (Serialized files now loaded: 0)
System memory in use before: 98.3 MB.
System memory in use after: 98.4 MB.

Unloading 17 unused Assets to reduce memory usage. Loaded Objects now: 2642.
Total: 3.775400 ms (FindLiveObjects: 0.291600 ms CreateObjectMapping: 0.054500 ms MarkObjects: 3.402800 ms  DeleteObjects: 0.025000 ms)

AssetImportParameters requested are different than current active one (requested -> active):
  custom:framework-win-MediaFoundation: 216162199b28c13a410421893ffa2e32 -> 
  custom:video-decoder-ogg-theora: a1e56fd34408186e4bbccfd4996cb3dc -> 
  custom:container-muxer-webm: aa71ff27fc2769a1b78a27578f13a17b -> 
  custom:container-demuxer-webm: 4f35f7cbe854078d1ac9338744f61a02 -> 
  custom:container-demuxer-ogg: 62fdf1f143b41e24485cea50d1cbac27 -> 
  custom:video-encoder-webm-vp8: eb34c28f22e8b96e1ab97ce403110664 -> 
  custom:video-decoder-webm-vp8: 9c59270c3fd7afecdb556c50c9e8de78 -> 
  custom:audio-decoder-ogg-vorbis: bf7c407c2cedff20999df2af8eb42d56 -> 
  custom:audio-encoder-webm-vorbis: bf7c407c2cedff20999df2af8eb42d56 -> 
========================================================================
Received Import Request.
  Time since last request: 51.404939 seconds.
  path: Assets/Environment/Map Design/Prefabs/Rope prefabs/SpawnRope.prefab
  artifactKey: Guid(3bfb95113a50d7842a78e28331fc1fa3) Importer(815301076,1909f56bfc062723c751e8b465ee728b)
Start importing Assets/Environment/Map Design/Prefabs/Rope prefabs/SpawnRope.prefab using Guid(3bfb95113a50d7842a78e28331fc1fa3) Importer(815301076,1909f56bfc062723c751e8b465ee728b)  -> (artifact id: '043be9653acd648f08cbb56a5597ab9d') in 0.030455 seconds 
  Import took 0.034513 seconds .

========================================================================
Received Prepare
Registering precompiled user dll's ...
Registered in 0.009424 seconds.
Begin MonoManager ReloadAssembly
Native extension for WindowsStandalone target not found
Refreshing native plugins compatible for Editor in 0.74 ms, found 3 plugins.
Preloading 0 native plugins for Editor in 0.00 ms.
Mono: successfully reloaded assembly
- Completed reload, in  1.201 seconds
Domain Reload Profiling:
	ReloadAssembly (1202ms)
		BeginReloadAssembly (127ms)
			ExecutionOrderSort (0ms)
			DisableScriptedObjects (7ms)
			BackupInstance (0ms)
			ReleaseScriptingObjects (0ms)
			CreateAndSetChildDomain (39ms)
		EndReloadAssembly (996ms)
			LoadAssemblies (107ms)
			RebuildTransferFunctionScriptingTraits (0ms)
			SetupTypeCache (341ms)
			ReleaseScriptCaches (1ms)
			RebuildScriptCaches (49ms)
			SetupLoadedEditorAssemblies (376ms)
				LogAssemblyErrors (0ms)
				InitializePlatformSupportModulesInManaged (6ms)
				SetLoadedEditorAssemblies (1ms)
				RefreshPlugins (1ms)
				BeforeProcessingInitializeOnLoad (104ms)
				ProcessInitializeOnLoadAttributes (241ms)
				ProcessInitializeOnLoadMethodAttributes (12ms)
				AfterProcessingInitializeOnLoad (11ms)
				EditorAssembliesLoaded (0ms)
			ExecutionOrderSort2 (0ms)
			AwakeInstancesAfterBackupRestoration (10ms)
Platform modules already initialized, skipping
Refreshing native plugins compatible for Editor in 0.56 ms, found 3 plugins.
Preloading 0 native plugins for Editor in 0.00 ms.
Unloading 2182 Unused Serialized files (Serialized files now loaded: 0)
System memory in use before: 98.3 MB.
System memory in use after: 98.4 MB.

Unloading 17 unused Assets to reduce memory usage. Loaded Objects now: 2644.
Total: 3.865600 ms (FindLiveObjects: 0.275500 ms CreateObjectMapping: 0.053000 ms MarkObjects: 3.512500 ms  DeleteObjects: 0.022700 ms)

AssetImportParameters requested are different than current active one (requested -> active):
  custom:framework-win-MediaFoundation: 216162199b28c13a410421893ffa2e32 -> 
  custom:video-decoder-ogg-theora: a1e56fd34408186e4bbccfd4996cb3dc -> 
  custom:container-muxer-webm: aa71ff27fc2769a1b78a27578f13a17b -> 
  custom:container-demuxer-webm: 4f35f7cbe854078d1ac9338744f61a02 -> 
  custom:container-demuxer-ogg: 62fdf1f143b41e24485cea50d1cbac27 -> 
  custom:video-encoder-webm-vp8: eb34c28f22e8b96e1ab97ce403110664 -> 
  custom:video-decoder-webm-vp8: 9c59270c3fd7afecdb556c50c9e8de78 -> 
  custom:audio-decoder-ogg-vorbis: bf7c407c2cedff20999df2af8eb42d56 -> 
  custom:audio-encoder-webm-vorbis: bf7c407c2cedff20999df2af8eb42d56 -> 
========================================================================
Received Prepare
Registering precompiled user dll's ...
Registered in 0.007588 seconds.
Begin MonoManager ReloadAssembly
Native extension for WindowsStandalone target not found
Refreshing native plugins compatible for Editor in 0.57 ms, found 3 plugins.
Preloading 0 native plugins for Editor in 0.00 ms.
Mono: successfully reloaded assembly
- Completed reload, in  1.196 seconds
Domain Reload Profiling:
	ReloadAssembly (1197ms)
		BeginReloadAssembly (126ms)
			ExecutionOrderSort (0ms)
			DisableScriptedObjects (7ms)
			BackupInstance (0ms)
			ReleaseScriptingObjects (0ms)
			CreateAndSetChildDomain (37ms)
		EndReloadAssembly (991ms)
			LoadAssemblies (109ms)
			RebuildTransferFunctionScriptingTraits (0ms)
			SetupTypeCache (331ms)
			ReleaseScriptCaches (1ms)
			RebuildScriptCaches (48ms)
			SetupLoadedEditorAssemblies (385ms)
				LogAssemblyErrors (0ms)
				InitializePlatformSupportModulesInManaged (6ms)
				SetLoadedEditorAssemblies (0ms)
				RefreshPlugins (1ms)
				BeforeProcessingInitializeOnLoad (110ms)
				ProcessInitializeOnLoadAttributes (243ms)
				ProcessInitializeOnLoadMethodAttributes (13ms)
				AfterProcessingInitializeOnLoad (11ms)
				EditorAssembliesLoaded (0ms)
			ExecutionOrderSort2 (0ms)
			AwakeInstancesAfterBackupRestoration (10ms)
Platform modules already initialized, skipping
Refreshing native plugins compatible for Editor in 0.53 ms, found 3 plugins.
Preloading 0 native plugins for Editor in 0.00 ms.
Unloading 2182 Unused Serialized files (Serialized files now loaded: 0)
System memory in use before: 98.3 MB.
System memory in use after: 98.4 MB.

Unloading 17 unused Assets to reduce memory usage. Loaded Objects now: 2646.
Total: 4.779200 ms (FindLiveObjects: 0.411600 ms CreateObjectMapping: 0.095000 ms MarkObjects: 4.239900 ms  DeleteObjects: 0.030100 ms)

AssetImportParameters requested are different than current active one (requested -> active):
  custom:framework-win-MediaFoundation: 216162199b28c13a410421893ffa2e32 -> 
  custom:video-decoder-ogg-theora: a1e56fd34408186e4bbccfd4996cb3dc -> 
  custom:container-muxer-webm: aa71ff27fc2769a1b78a27578f13a17b -> 
  custom:container-demuxer-webm: 4f35f7cbe854078d1ac9338744f61a02 -> 
  custom:container-demuxer-ogg: 62fdf1f143b41e24485cea50d1cbac27 -> 
  custom:video-encoder-webm-vp8: eb34c28f22e8b96e1ab97ce403110664 -> 
  custom:video-decoder-webm-vp8: 9c59270c3fd7afecdb556c50c9e8de78 -> 
  custom:audio-decoder-ogg-vorbis: bf7c407c2cedff20999df2af8eb42d56 -> 
  custom:audio-encoder-webm-vorbis: bf7c407c2cedff20999df2af8eb42d56 -> 
========================================================================
Received Prepare
Registering precompiled user dll's ...
Registered in 0.009724 seconds.
Begin MonoManager ReloadAssembly
Native extension for WindowsStandalone target not found
Refreshing native plugins compatible for Editor in 0.53 ms, found 3 plugins.
Preloading 0 native plugins for Editor in 0.00 ms.
Mono: successfully reloaded assembly
- Completed reload, in  1.141 seconds
Domain Reload Profiling:
	ReloadAssembly (1141ms)
		BeginReloadAssembly (126ms)
			ExecutionOrderSort (0ms)
			DisableScriptedObjects (7ms)
			BackupInstance (0ms)
			ReleaseScriptingObjects (0ms)
			CreateAndSetChildDomain (40ms)
		EndReloadAssembly (938ms)
			LoadAssemblies (107ms)
			RebuildTransferFunctionScriptingTraits (0ms)
			SetupTypeCache (322ms)
			ReleaseScriptCaches (1ms)
			RebuildScriptCaches (44ms)
			SetupLoadedEditorAssemblies (351ms)
				LogAssemblyErrors (0ms)
				InitializePlatformSupportModulesInManaged (5ms)
				SetLoadedEditorAssemblies (0ms)
				RefreshPlugins (1ms)
				BeforeProcessingInitializeOnLoad (100ms)
				ProcessInitializeOnLoadAttributes (223ms)
				ProcessInitializeOnLoadMethodAttributes (12ms)
				AfterProcessingInitializeOnLoad (10ms)
				EditorAssembliesLoaded (0ms)
			ExecutionOrderSort2 (0ms)
			AwakeInstancesAfterBackupRestoration (10ms)
Platform modules already initialized, skipping
Refreshing native plugins compatible for Editor in 0.57 ms, found 3 plugins.
Preloading 0 native plugins for Editor in 0.00 ms.
Unloading 2182 Unused Serialized files (Serialized files now loaded: 0)
System memory in use before: 98.3 MB.
System memory in use after: 98.5 MB.

Unloading 17 unused Assets to reduce memory usage. Loaded Objects now: 2648.
Total: 3.525800 ms (FindLiveObjects: 0.241600 ms CreateObjectMapping: 0.052700 ms MarkObjects: 3.206200 ms  DeleteObjects: 0.023500 ms)

AssetImportParameters requested are different than current active one (requested -> active):
  custom:framework-win-MediaFoundation: 216162199b28c13a410421893ffa2e32 -> 
  custom:video-decoder-ogg-theora: a1e56fd34408186e4bbccfd4996cb3dc -> 
  custom:container-muxer-webm: aa71ff27fc2769a1b78a27578f13a17b -> 
  custom:container-demuxer-webm: 4f35f7cbe854078d1ac9338744f61a02 -> 
  custom:container-demuxer-ogg: 62fdf1f143b41e24485cea50d1cbac27 -> 
  custom:video-encoder-webm-vp8: eb34c28f22e8b96e1ab97ce403110664 -> 
  custom:video-decoder-webm-vp8: 9c59270c3fd7afecdb556c50c9e8de78 -> 
  custom:audio-decoder-ogg-vorbis: bf7c407c2cedff20999df2af8eb42d56 -> 
  custom:audio-encoder-webm-vorbis: bf7c407c2cedff20999df2af8eb42d56 -> 
========================================================================
Received Import Request.
  Time since last request: 475.405694 seconds.
  path: Assets/Environment/Map Design/Audio
  artifactKey: Guid(c227c7d55479e034fb0a9e286ceea0e7) Importer(815301076,1909f56bfc062723c751e8b465ee728b)
Start importing Assets/Environment/Map Design/Audio using Guid(c227c7d55479e034fb0a9e286ceea0e7) Importer(815301076,1909f56bfc062723c751e8b465ee728b)  -> (artifact id: 'd804c070cc3f3f0b069be1f327e5ac64') in 0.011330 seconds 
  Import took 0.015480 seconds .

========================================================================
Received Import Request.
  Time since last request: 470.068091 seconds.
  path: Assets/Environment/Map Design/Prefabs/Room Prefabs/LRTB Prefabs/LRTB1.prefab
  artifactKey: Guid(d81ef59944e71664a8cc04978e90db59) Importer(815301076,1909f56bfc062723c751e8b465ee728b)
Start importing Assets/Environment/Map Design/Prefabs/Room Prefabs/LRTB Prefabs/LRTB1.prefab using Guid(d81ef59944e71664a8cc04978e90db59) Importer(815301076,1909f56bfc062723c751e8b465ee728b)  -> (artifact id: 'eafdd1b4c2ddba901094e0a30389d369') in 0.033608 seconds 
  Import took 0.037938 seconds .

========================================================================
Received Import Request.
  Time since last request: 0.000237 seconds.
  path: Assets/Environment/Map Design/Prefabs/Room Prefabs/LRTB Prefabs/LRTB3.prefab
  artifactKey: Guid(298e32a517321c74abe232c4c53a6d66) Importer(815301076,1909f56bfc062723c751e8b465ee728b)
Start importing Assets/Environment/Map Design/Prefabs/Room Prefabs/LRTB Prefabs/LRTB3.prefab using Guid(298e32a517321c74abe232c4c53a6d66) Importer(815301076,1909f56bfc062723c751e8b465ee728b)  -> (artifact id: 'af753e7f50d9606938a7f27d2f8df1d4') in 0.013846 seconds 
  Import took 0.017958 seconds .

========================================================================
Received Import Request.
  Time since last request: 0.000240 seconds.
  path: Assets/Environment/Map Design/Prefabs/Room Prefabs/LRTB Prefabs/LRTB5.prefab
  artifactKey: Guid(f2ce57dec535f454ab258bfaffcf7fd6) Importer(815301076,1909f56bfc062723c751e8b465ee728b)
Start importing Assets/Environment/Map Design/Prefabs/Room Prefabs/LRTB Prefabs/LRTB5.prefab using Guid(f2ce57dec535f454ab258bfaffcf7fd6) Importer(815301076,1909f56bfc062723c751e8b465ee728b)  -> (artifact id: '59eabeb36ec8f995146c33e32c82282c') in 0.012066 seconds 
  Import took 0.015625 seconds .

========================================================================
Received Import Request.
  Time since last request: 0.000232 seconds.
  path: Assets/Environment/Map Design/Prefabs/Room Prefabs/LRTB Prefabs/LRTB2.prefab
  artifactKey: Guid(90ce8143d2a8a344ca3611895e90d5db) Importer(815301076,1909f56bfc062723c751e8b465ee728b)
Start importing Assets/Environment/Map Design/Prefabs/Room Prefabs/LRTB Prefabs/LRTB2.prefab using Guid(90ce8143d2a8a344ca3611895e90d5db) Importer(815301076,1909f56bfc062723c751e8b465ee728b)  -> (artifact id: 'a336028bc4a5e782a0e0823a432b3822') in 0.013016 seconds 
  Import took 0.017109 seconds .

========================================================================
Received Import Request.
  Time since last request: 0.000193 seconds.
  path: Assets/Environment/Map Design/Prefabs/Room Prefabs/LRTB Prefabs/LRTB4.prefab
  artifactKey: Guid(c8e45a20f0be58243a75255e9744dc04) Importer(815301076,1909f56bfc062723c751e8b465ee728b)
Start importing Assets/Environment/Map Design/Prefabs/Room Prefabs/LRTB Prefabs/LRTB4.prefab using Guid(c8e45a20f0be58243a75255e9744dc04) Importer(815301076,1909f56bfc062723c751e8b465ee728b)  -> (artifact id: '3c64cd3995d1944cb800e6701b8c4228') in 0.014853 seconds 
  Import took 0.018781 seconds .

========================================================================
Received Prepare
Registering precompiled user dll's ...
Registered in 0.009922 seconds.
Begin MonoManager ReloadAssembly
Native extension for WindowsStandalone target not found
Refreshing native plugins compatible for Editor in 0.53 ms, found 3 plugins.
Preloading 0 native plugins for Editor in 0.00 ms.
Mono: successfully reloaded assembly
- Completed reload, in  1.209 seconds
Domain Reload Profiling:
	ReloadAssembly (1210ms)
		BeginReloadAssembly (153ms)
			ExecutionOrderSort (0ms)
			DisableScriptedObjects (7ms)
			BackupInstance (0ms)
			ReleaseScriptingObjects (0ms)
			CreateAndSetChildDomain (46ms)
		EndReloadAssembly (964ms)
			LoadAssemblies (129ms)
			RebuildTransferFunctionScriptingTraits (0ms)
			SetupTypeCache (333ms)
			ReleaseScriptCaches (1ms)
			RebuildScriptCaches (43ms)
			SetupLoadedEditorAssemblies (361ms)
				LogAssemblyErrors (0ms)
				InitializePlatformSupportModulesInManaged (5ms)
				SetLoadedEditorAssemblies (0ms)
				RefreshPlugins (1ms)
				BeforeProcessingInitializeOnLoad (99ms)
				ProcessInitializeOnLoadAttributes (231ms)
				ProcessInitializeOnLoadMethodAttributes (12ms)
				AfterProcessingInitializeOnLoad (11ms)
				EditorAssembliesLoaded (0ms)
			ExecutionOrderSort2 (0ms)
			AwakeInstancesAfterBackupRestoration (10ms)
Platform modules already initialized, skipping
Refreshing native plugins compatible for Editor in 0.58 ms, found 3 plugins.
Preloading 0 native plugins for Editor in 0.00 ms.
Unloading 2182 Unused Serialized files (Serialized files now loaded: 0)
System memory in use before: 98.4 MB.
System memory in use after: 98.5 MB.

Unloading 17 unused Assets to reduce memory usage. Loaded Objects now: 2650.
Total: 3.474200 ms (FindLiveObjects: 0.237400 ms CreateObjectMapping: 0.051600 ms MarkObjects: 3.163400 ms  DeleteObjects: 0.020700 ms)

AssetImportParameters requested are different than current active one (requested -> active):
  custom:framework-win-MediaFoundation: 216162199b28c13a410421893ffa2e32 -> 
  custom:video-decoder-ogg-theora: a1e56fd34408186e4bbccfd4996cb3dc -> 
  custom:container-muxer-webm: aa71ff27fc2769a1b78a27578f13a17b -> 
  custom:container-demuxer-webm: 4f35f7cbe854078d1ac9338744f61a02 -> 
  custom:container-demuxer-ogg: 62fdf1f143b41e24485cea50d1cbac27 -> 
  custom:video-encoder-webm-vp8: eb34c28f22e8b96e1ab97ce403110664 -> 
  custom:video-decoder-webm-vp8: 9c59270c3fd7afecdb556c50c9e8de78 -> 
  custom:audio-decoder-ogg-vorbis: bf7c407c2cedff20999df2af8eb42d56 -> 
  custom:audio-encoder-webm-vorbis: bf7c407c2cedff20999df2af8eb42d56 -> 
========================================================================
Received Import Request.
  Time since last request: 11.853292 seconds.
  path: Assets/Environment/Map Design/Prefabs/Room Prefabs/LRTB Prefabs/LRTB1.prefab
  artifactKey: Guid(d81ef59944e71664a8cc04978e90db59) Importer(815301076,1909f56bfc062723c751e8b465ee728b)
Start importing Assets/Environment/Map Design/Prefabs/Room Prefabs/LRTB Prefabs/LRTB1.prefab using Guid(d81ef59944e71664a8cc04978e90db59) Importer(815301076,1909f56bfc062723c751e8b465ee728b)  -> (artifact id: '77c21e22f3b348d7d5522b6ddf638b2a') in 0.032428 seconds 
  Import took 0.036416 seconds .

========================================================================
Received Import Request.
  Time since last request: 0.090147 seconds.
  path: Assets/Environment/Map Design/Prefabs/Room Prefabs/LRTB Prefabs/LRTB1.prefab
  artifactKey: Guid(d81ef59944e71664a8cc04978e90db59) Importer(815301076,1909f56bfc062723c751e8b465ee728b)
Start importing Assets/Environment/Map Design/Prefabs/Room Prefabs/LRTB Prefabs/LRTB1.prefab using Guid(d81ef59944e71664a8cc04978e90db59) Importer(815301076,1909f56bfc062723c751e8b465ee728b)  -> (artifact id: '88c27420ad8b0f908ba29110b7afedaf') in 0.008297 seconds 
  Import took 0.012106 seconds .

========================================================================
Received Import Request.
  Time since last request: 1.191591 seconds.
  path: Assets/Environment/Map Design/Prefabs/Room Prefabs/LRTB Prefabs/LRTB1.prefab
  artifactKey: Guid(d81ef59944e71664a8cc04978e90db59) Importer(815301076,1909f56bfc062723c751e8b465ee728b)
Start importing Assets/Environment/Map Design/Prefabs/Room Prefabs/LRTB Prefabs/LRTB1.prefab using Guid(d81ef59944e71664a8cc04978e90db59) Importer(815301076,1909f56bfc062723c751e8b465ee728b)  -> (artifact id: 'ce95a05d788f5759409cd10d4420575c') in 0.008169 seconds 
  Import took 0.012006 seconds .

========================================================================
Received Import Request.
  Time since last request: 0.191243 seconds.
  path: Assets/Environment/Map Design/Prefabs/Room Prefabs/LRTB Prefabs/LRTB1.prefab
  artifactKey: Guid(d81ef59944e71664a8cc04978e90db59) Importer(815301076,1909f56bfc062723c751e8b465ee728b)
Start importing Assets/Environment/Map Design/Prefabs/Room Prefabs/LRTB Prefabs/LRTB1.prefab using Guid(d81ef59944e71664a8cc04978e90db59) Importer(815301076,1909f56bfc062723c751e8b465ee728b)  -> (artifact id: '36afcd06ca368d84238d8064f6b97486') in 0.008091 seconds 
  Import took 0.011996 seconds .

========================================================================
Received Import Request.
  Time since last request: 2.016713 seconds.
  path: Assets/Environment/Map Design/Prefabs/Room Prefabs/LRTB Prefabs/LRTB1.prefab
  artifactKey: Guid(d81ef59944e71664a8cc04978e90db59) Importer(815301076,1909f56bfc062723c751e8b465ee728b)
Start importing Assets/Environment/Map Design/Prefabs/Room Prefabs/LRTB Prefabs/LRTB1.prefab using Guid(d81ef59944e71664a8cc04978e90db59) Importer(815301076,1909f56bfc062723c751e8b465ee728b)  -> (artifact id: 'b066c21e46a23e5b178c3e9d2ad065dd') in 0.009495 seconds 
  Import took 0.013373 seconds .

========================================================================
Received Import Request.
  Time since last request: 2.190328 seconds.
  path: Assets/Environment/Map Design/Prefabs/Room Prefabs/LRTB Prefabs/LRTB1.prefab
  artifactKey: Guid(d81ef59944e71664a8cc04978e90db59) Importer(815301076,1909f56bfc062723c751e8b465ee728b)
Start importing Assets/Environment/Map Design/Prefabs/Room Prefabs/LRTB Prefabs/LRTB1.prefab using Guid(d81ef59944e71664a8cc04978e90db59) Importer(815301076,1909f56bfc062723c751e8b465ee728b)  -> (artifact id: '9294a1ab71c2bd48dfae0e838b45da08') in 0.008348 seconds 
  Import took 0.012124 seconds .

========================================================================
Received Import Request.
  Time since last request: 0.792919 seconds.
  path: Assets/Environment/Map Design/Prefabs/Room Prefabs/LRTB Prefabs/LRTB1.prefab
  artifactKey: Guid(d81ef59944e71664a8cc04978e90db59) Importer(815301076,1909f56bfc062723c751e8b465ee728b)
Start importing Assets/Environment/Map Design/Prefabs/Room Prefabs/LRTB Prefabs/LRTB1.prefab using Guid(d81ef59944e71664a8cc04978e90db59) Importer(815301076,1909f56bfc062723c751e8b465ee728b)  -> (artifact id: '1e209464c92111c86b954d5ca01f1b97') in 0.008133 seconds 
  Import took 0.012040 seconds .

========================================================================
Received Import Request.
  Time since last request: 1.803067 seconds.
  path: Assets/Environment/Map Design/Prefabs/Room Prefabs/LRTB Prefabs/LRTB1.prefab
  artifactKey: Guid(d81ef59944e71664a8cc04978e90db59) Importer(815301076,1909f56bfc062723c751e8b465ee728b)
Start importing Assets/Environment/Map Design/Prefabs/Room Prefabs/LRTB Prefabs/LRTB1.prefab using Guid(d81ef59944e71664a8cc04978e90db59) Importer(815301076,1909f56bfc062723c751e8b465ee728b)  -> (artifact id: '1e099f9de2030f7ba82f9e49ac1494b4') in 0.008318 seconds 
  Import took 0.012127 seconds .

========================================================================
Received Import Request.
  Time since last request: 1.186725 seconds.
  path: Assets/Environment/Map Design/Prefabs/Room Prefabs/LRTB Prefabs/LRTB1.prefab
  artifactKey: Guid(d81ef59944e71664a8cc04978e90db59) Importer(815301076,1909f56bfc062723c751e8b465ee728b)
Start importing Assets/Environment/Map Design/Prefabs/Room Prefabs/LRTB Prefabs/LRTB1.prefab using Guid(d81ef59944e71664a8cc04978e90db59) Importer(815301076,1909f56bfc062723c751e8b465ee728b)  -> (artifact id: '6ffecf0b6aa103df3cc95272cfd191d6') in 0.008486 seconds 
  Import took 0.012796 seconds .

========================================================================
Received Prepare
Registering precompiled user dll's ...
Registered in 0.007485 seconds.
Begin MonoManager ReloadAssembly
Native extension for WindowsStandalone target not found
Refreshing native plugins compatible for Editor in 0.55 ms, found 3 plugins.
Preloading 0 native plugins for Editor in 0.00 ms.
Mono: successfully reloaded assembly
- Completed reload, in  1.149 seconds
Domain Reload Profiling:
	ReloadAssembly (1149ms)
		BeginReloadAssembly (123ms)
			ExecutionOrderSort (0ms)
			DisableScriptedObjects (7ms)
			BackupInstance (0ms)
			ReleaseScriptingObjects (0ms)
			CreateAndSetChildDomain (38ms)
		EndReloadAssembly (950ms)
			LoadAssemblies (109ms)
			RebuildTransferFunctionScriptingTraits (0ms)
			SetupTypeCache (323ms)
			ReleaseScriptCaches (1ms)
			RebuildScriptCaches (45ms)
			SetupLoadedEditorAssemblies (355ms)
				LogAssemblyErrors (0ms)
				InitializePlatformSupportModulesInManaged (5ms)
				SetLoadedEditorAssemblies (0ms)
				RefreshPlugins (1ms)
				BeforeProcessingInitializeOnLoad (99ms)
				ProcessInitializeOnLoadAttributes (225ms)
				ProcessInitializeOnLoadMethodAttributes (14ms)
				AfterProcessingInitializeOnLoad (11ms)
				EditorAssembliesLoaded (0ms)
			ExecutionOrderSort2 (0ms)
			AwakeInstancesAfterBackupRestoration (11ms)
Platform modules already initialized, skipping
Refreshing native plugins compatible for Editor in 0.75 ms, found 3 plugins.
Preloading 0 native plugins for Editor in 0.00 ms.
Unloading 2182 Unused Serialized files (Serialized files now loaded: 0)
System memory in use before: 98.4 MB.
System memory in use after: 98.5 MB.

Unloading 17 unused Assets to reduce memory usage. Loaded Objects now: 2652.
Total: 4.004700 ms (FindLiveObjects: 0.341900 ms CreateObjectMapping: 0.069900 ms MarkObjects: 3.566700 ms  DeleteObjects: 0.024800 ms)

AssetImportParameters requested are different than current active one (requested -> active):
  custom:framework-win-MediaFoundation: 216162199b28c13a410421893ffa2e32 -> 
  custom:video-decoder-ogg-theora: a1e56fd34408186e4bbccfd4996cb3dc -> 
  custom:container-muxer-webm: aa71ff27fc2769a1b78a27578f13a17b -> 
  custom:container-demuxer-webm: 4f35f7cbe854078d1ac9338744f61a02 -> 
  custom:container-demuxer-ogg: 62fdf1f143b41e24485cea50d1cbac27 -> 
  custom:video-encoder-webm-vp8: eb34c28f22e8b96e1ab97ce403110664 -> 
  custom:video-decoder-webm-vp8: 9c59270c3fd7afecdb556c50c9e8de78 -> 
  custom:audio-decoder-ogg-vorbis: bf7c407c2cedff20999df2af8eb42d56 -> 
  custom:audio-encoder-webm-vorbis: bf7c407c2cedff20999df2af8eb42d56 -> 
========================================================================
Received Import Request.
  Time since last request: 61.681616 seconds.
  path: Assets/Environment/Map Design/Prefabs/Room Prefabs/LR Room Prefabs/LR.prefab
  artifactKey: Guid(4360688ac479e7841b677ca1040e9721) Importer(815301076,1909f56bfc062723c751e8b465ee728b)
Start importing Assets/Environment/Map Design/Prefabs/Room Prefabs/LR Room Prefabs/LR.prefab using Guid(4360688ac479e7841b677ca1040e9721) Importer(815301076,1909f56bfc062723c751e8b465ee728b)  -> (artifact id: '62b05b69006fea49d27dd47a410bc17f') in 0.037627 seconds 
  Import took 0.041675 seconds .

========================================================================
Received Import Request.
  Time since last request: 0.000258 seconds.
  path: Assets/Environment/Map Design/Prefabs/Room Prefabs/LR Room Prefabs/LR4.prefab
  artifactKey: Guid(25994ce591dfcc14c95561f9a14d5bd2) Importer(815301076,1909f56bfc062723c751e8b465ee728b)
Start importing Assets/Environment/Map Design/Prefabs/Room Prefabs/LR Room Prefabs/LR4.prefab using Guid(25994ce591dfcc14c95561f9a14d5bd2) Importer(815301076,1909f56bfc062723c751e8b465ee728b)  -> (artifact id: '5769df260104913417784039c2e2ca58') in 0.015087 seconds 
  Import took 0.019176 seconds .

========================================================================
Received Import Request.
  Time since last request: 0.000286 seconds.
  path: Assets/Environment/Map Design/Prefabs/Room Prefabs/LR Room Prefabs/LR2.prefab
  artifactKey: Guid(9cadc1c068359b840a741141d8da3fb7) Importer(815301076,1909f56bfc062723c751e8b465ee728b)
Start importing Assets/Environment/Map Design/Prefabs/Room Prefabs/LR Room Prefabs/LR2.prefab using Guid(9cadc1c068359b840a741141d8da3fb7) Importer(815301076,1909f56bfc062723c751e8b465ee728b)  -> (artifact id: '200bda932b6d7a823c9ca7d671b39db5') in 0.017987 seconds 
  Import took 0.022132 seconds .

========================================================================
Received Import Request.
  Time since last request: 0.000256 seconds.
  path: Assets/Environment/Map Design/Prefabs/Room Prefabs/LR Room Prefabs/LR1.prefab
  artifactKey: Guid(78a8c50780a4ac84ea7649cab46425b7) Importer(815301076,1909f56bfc062723c751e8b465ee728b)
Start importing Assets/Environment/Map Design/Prefabs/Room Prefabs/LR Room Prefabs/LR1.prefab using Guid(78a8c50780a4ac84ea7649cab46425b7) Importer(815301076,1909f56bfc062723c751e8b465ee728b)  -> (artifact id: 'f1bd5062f0a355fe627c0d9bacd4be90') in 0.017465 seconds 
  Import took 0.021611 seconds .

========================================================================
Received Import Request.
  Time since last request: 0.000240 seconds.
  path: Assets/Environment/Map Design/Prefabs/Room Prefabs/LR Room Prefabs/LR6.prefab
  artifactKey: Guid(02f9c2c4400ebb14c960949cb2f4eda0) Importer(815301076,1909f56bfc062723c751e8b465ee728b)
Start importing Assets/Environment/Map Design/Prefabs/Room Prefabs/LR Room Prefabs/LR6.prefab using Guid(02f9c2c4400ebb14c960949cb2f4eda0) Importer(815301076,1909f56bfc062723c751e8b465ee728b)  -> (artifact id: '587f10e71a17a03c235602dab15f6d18') in 0.015762 seconds 
  Import took 0.019642 seconds .

========================================================================
Received Import Request.
  Time since last request: 0.000213 seconds.
  path: Assets/Environment/Map Design/Prefabs/Room Prefabs/LR Room Prefabs/LR3.prefab
  artifactKey: Guid(55d6629cf0561034c865f9b56bc57c1a) Importer(815301076,1909f56bfc062723c751e8b465ee728b)
Start importing Assets/Environment/Map Design/Prefabs/Room Prefabs/LR Room Prefabs/LR3.prefab using Guid(55d6629cf0561034c865f9b56bc57c1a) Importer(815301076,1909f56bfc062723c751e8b465ee728b)  -> (artifact id: '53cc3738b4a8e71fe1cd0b88b6cb56f3') in 0.016323 seconds 
  Import took 0.020273 seconds .

========================================================================
Received Import Request.
  Time since last request: 0.000247 seconds.
  path: Assets/Environment/Map Design/Prefabs/Room Prefabs/LR Room Prefabs/LR5.prefab
  artifactKey: Guid(de321ebef50a6f54a88793c12b645cf1) Importer(815301076,1909f56bfc062723c751e8b465ee728b)
Start importing Assets/Environment/Map Design/Prefabs/Room Prefabs/LR Room Prefabs/LR5.prefab using Guid(de321ebef50a6f54a88793c12b645cf1) Importer(815301076,1909f56bfc062723c751e8b465ee728b)  -> (artifact id: '566a82df9427beca2955002920edd29d') in 0.015560 seconds 
  Import took 0.019774 seconds .

========================================================================
Received Import Request.
  Time since last request: 41.972872 seconds.
  path: Assets/Environment/Map Design/Prefabs/Room Prefabs/LRB Rooms/LRB.prefab
  artifactKey: Guid(2b1f699303c288940b0658bddf4bf9a5) Importer(815301076,1909f56bfc062723c751e8b465ee728b)
Start importing Assets/Environment/Map Design/Prefabs/Room Prefabs/LRB Rooms/LRB.prefab using Guid(2b1f699303c288940b0658bddf4bf9a5) Importer(815301076,1909f56bfc062723c751e8b465ee728b)  -> (artifact id: '76a7ab24e019226c62a3760ee648959f') in 0.013437 seconds 
  Import took 0.017283 seconds .

========================================================================
Received Import Request.
  Time since last request: 0.000243 seconds.
  path: Assets/Environment/Map Design/Prefabs/Room Prefabs/LRB Rooms/LRB1.prefab
  artifactKey: Guid(bac0f41dbae5b7d4b8ad08a7e5ec5ddc) Importer(815301076,1909f56bfc062723c751e8b465ee728b)
Start importing Assets/Environment/Map Design/Prefabs/Room Prefabs/LRB Rooms/LRB1.prefab using Guid(bac0f41dbae5b7d4b8ad08a7e5ec5ddc) Importer(815301076,1909f56bfc062723c751e8b465ee728b)  -> (artifact id: '4f15c7024ac8a58a5ee23b10e9dd453c') in 0.014851 seconds 
  Import took 0.018780 seconds .

========================================================================
Received Import Request.
  Time since last request: 0.000229 seconds.
  path: Assets/Environment/Map Design/Prefabs/Room Prefabs/LRB Rooms/LRB3.prefab
  artifactKey: Guid(bd6b501bac3f1414ea9ed97548be2f53) Importer(815301076,1909f56bfc062723c751e8b465ee728b)
Start importing Assets/Environment/Map Design/Prefabs/Room Prefabs/LRB Rooms/LRB3.prefab using Guid(bd6b501bac3f1414ea9ed97548be2f53) Importer(815301076,1909f56bfc062723c751e8b465ee728b)  -> (artifact id: '6675c192e9b14521c310a99998967a83') in 0.014879 seconds 
  Import took 0.018699 seconds .

========================================================================
Received Import Request.
  Time since last request: 0.000221 seconds.
  path: Assets/Environment/Map Design/Prefabs/Room Prefabs/LRB Rooms/LRB4.prefab
  artifactKey: Guid(8d88485f654acb44e891d70447ed2020) Importer(815301076,1909f56bfc062723c751e8b465ee728b)
Start importing Assets/Environment/Map Design/Prefabs/Room Prefabs/LRB Rooms/LRB4.prefab using Guid(8d88485f654acb44e891d70447ed2020) Importer(815301076,1909f56bfc062723c751e8b465ee728b)  -> (artifact id: '9a642cac8152ddb30731fdff15f9e23d') in 0.012313 seconds 
  Import took 0.016410 seconds .

========================================================================
Received Import Request.
  Time since last request: 0.000194 seconds.
  path: Assets/Environment/Map Design/Prefabs/Room Prefabs/LRB Rooms/LRB2.prefab
  artifactKey: Guid(0147f5b988dab184e8e875eb364a3970) Importer(815301076,1909f56bfc062723c751e8b465ee728b)
Start importing Assets/Environment/Map Design/Prefabs/Room Prefabs/LRB Rooms/LRB2.prefab using Guid(0147f5b988dab184e8e875eb364a3970) Importer(815301076,1909f56bfc062723c751e8b465ee728b)  -> (artifact id: '2696fc4cd90fff29ed59a1491461e7a2') in 0.013487 seconds 
  Import took 0.017871 seconds .

========================================================================
Received Import Request.
  Time since last request: 0.000230 seconds.
  path: Assets/Environment/Map Design/Prefabs/Room Prefabs/LRB Rooms/LRB5.prefab
  artifactKey: Guid(c13eb23822d4dc744bd99e8a143d3dd9) Importer(815301076,1909f56bfc062723c751e8b465ee728b)
Start importing Assets/Environment/Map Design/Prefabs/Room Prefabs/LRB Rooms/LRB5.prefab using Guid(c13eb23822d4dc744bd99e8a143d3dd9) Importer(815301076,1909f56bfc062723c751e8b465ee728b)  -> (artifact id: '5572148366c0ae64a519059f3fd6e1be') in 0.013575 seconds 
  Import took 0.017411 seconds .

========================================================================
Received Prepare
Registering precompiled user dll's ...
Registered in 0.007671 seconds.
Begin MonoManager ReloadAssembly
Native extension for WindowsStandalone target not found
Refreshing native plugins compatible for Editor in 0.76 ms, found 3 plugins.
Preloading 0 native plugins for Editor in 0.00 ms.
Mono: successfully reloaded assembly
- Completed reload, in  1.136 seconds
Domain Reload Profiling:
	ReloadAssembly (1136ms)
		BeginReloadAssembly (121ms)
			ExecutionOrderSort (0ms)
			DisableScriptedObjects (7ms)
			BackupInstance (0ms)
			ReleaseScriptingObjects (0ms)
			CreateAndSetChildDomain (37ms)
		EndReloadAssembly (938ms)
			LoadAssemblies (104ms)
			RebuildTransferFunctionScriptingTraits (0ms)
			SetupTypeCache (327ms)
			ReleaseScriptCaches (1ms)
			RebuildScriptCaches (45ms)
			SetupLoadedEditorAssemblies (346ms)
				LogAssemblyErrors (0ms)
				InitializePlatformSupportModulesInManaged (6ms)
				SetLoadedEditorAssemblies (1ms)
				RefreshPlugins (1ms)
				BeforeProcessingInitializeOnLoad (100ms)
				ProcessInitializeOnLoadAttributes (216ms)
				ProcessInitializeOnLoadMethodAttributes (12ms)
				AfterProcessingInitializeOnLoad (10ms)
				EditorAssembliesLoaded (0ms)
			ExecutionOrderSort2 (0ms)
			AwakeInstancesAfterBackupRestoration (10ms)
Platform modules already initialized, skipping
Refreshing native plugins compatible for Editor in 0.58 ms, found 3 plugins.
Preloading 0 native plugins for Editor in 0.00 ms.
Unloading 2182 Unused Serialized files (Serialized files now loaded: 0)
System memory in use before: 99.3 MB.
System memory in use after: 99.4 MB.

Unloading 17 unused Assets to reduce memory usage. Loaded Objects now: 2654.
Total: 3.725600 ms (FindLiveObjects: 0.242400 ms CreateObjectMapping: 0.051700 ms MarkObjects: 3.403200 ms  DeleteObjects: 0.026600 ms)

AssetImportParameters requested are different than current active one (requested -> active):
  custom:framework-win-MediaFoundation: 216162199b28c13a410421893ffa2e32 -> 
  custom:video-decoder-ogg-theora: a1e56fd34408186e4bbccfd4996cb3dc -> 
  custom:container-muxer-webm: aa71ff27fc2769a1b78a27578f13a17b -> 
  custom:container-demuxer-webm: 4f35f7cbe854078d1ac9338744f61a02 -> 
  custom:container-demuxer-ogg: 62fdf1f143b41e24485cea50d1cbac27 -> 
  custom:video-encoder-webm-vp8: eb34c28f22e8b96e1ab97ce403110664 -> 
  custom:video-decoder-webm-vp8: 9c59270c3fd7afecdb556c50c9e8de78 -> 
  custom:audio-decoder-ogg-vorbis: bf7c407c2cedff20999df2af8eb42d56 -> 
  custom:audio-encoder-webm-vorbis: bf7c407c2cedff20999df2af8eb42d56 -> 
========================================================================
Received Prepare
Registering precompiled user dll's ...
Registered in 0.007366 seconds.
Begin MonoManager ReloadAssembly
Native extension for WindowsStandalone target not found
Refreshing native plugins compatible for Editor in 0.53 ms, found 3 plugins.
Preloading 0 native plugins for Editor in 0.00 ms.
Mono: successfully reloaded assembly
- Completed reload, in  1.137 seconds
Domain Reload Profiling:
	ReloadAssembly (1137ms)
		BeginReloadAssembly (117ms)
			ExecutionOrderSort (0ms)
			DisableScriptedObjects (7ms)
			BackupInstance (0ms)
			ReleaseScriptingObjects (0ms)
			CreateAndSetChildDomain (34ms)
		EndReloadAssembly (924ms)
			LoadAssemblies (116ms)
			RebuildTransferFunctionScriptingTraits (0ms)
			SetupTypeCache (305ms)
			ReleaseScriptCaches (1ms)
			RebuildScriptCaches (43ms)
			SetupLoadedEditorAssemblies (345ms)
				LogAssemblyErrors (0ms)
				InitializePlatformSupportModulesInManaged (6ms)
				SetLoadedEditorAssemblies (0ms)
				RefreshPlugins (1ms)
				BeforeProcessingInitializeOnLoad (96ms)
				ProcessInitializeOnLoadAttributes (216ms)
				ProcessInitializeOnLoadMethodAttributes (13ms)
				AfterProcessingInitializeOnLoad (11ms)
				EditorAssembliesLoaded (0ms)
			ExecutionOrderSort2 (0ms)
			AwakeInstancesAfterBackupRestoration (10ms)
Platform modules already initialized, skipping
Refreshing native plugins compatible for Editor in 0.69 ms, found 3 plugins.
Preloading 0 native plugins for Editor in 0.00 ms.
Unloading 2182 Unused Serialized files (Serialized files now loaded: 0)
System memory in use before: 99.3 MB.
System memory in use after: 99.4 MB.

Unloading 17 unused Assets to reduce memory usage. Loaded Objects now: 2656.
Total: 3.463000 ms (FindLiveObjects: 0.236800 ms CreateObjectMapping: 0.050700 ms MarkObjects: 3.153000 ms  DeleteObjects: 0.020800 ms)

AssetImportParameters requested are different than current active one (requested -> active):
  custom:framework-win-MediaFoundation: 216162199b28c13a410421893ffa2e32 -> 
  custom:video-decoder-ogg-theora: a1e56fd34408186e4bbccfd4996cb3dc -> 
  custom:container-muxer-webm: aa71ff27fc2769a1b78a27578f13a17b -> 
  custom:container-demuxer-webm: 4f35f7cbe854078d1ac9338744f61a02 -> 
  custom:container-demuxer-ogg: 62fdf1f143b41e24485cea50d1cbac27 -> 
  custom:video-encoder-webm-vp8: eb34c28f22e8b96e1ab97ce403110664 -> 
  custom:video-decoder-webm-vp8: 9c59270c3fd7afecdb556c50c9e8de78 -> 
  custom:audio-decoder-ogg-vorbis: bf7c407c2cedff20999df2af8eb42d56 -> 
  custom:audio-encoder-webm-vorbis: bf7c407c2cedff20999df2af8eb42d56 -> 
========================================================================
Received Import Request.
  Time since last request: 97.349140 seconds.
  path: Assets/Environment/Map Design/Prefabs/Room Prefabs/LRB Rooms/LRB.prefab
  artifactKey: Guid(2b1f699303c288940b0658bddf4bf9a5) Importer(815301076,1909f56bfc062723c751e8b465ee728b)
Start importing Assets/Environment/Map Design/Prefabs/Room Prefabs/LRB Rooms/LRB.prefab using Guid(2b1f699303c288940b0658bddf4bf9a5) Importer(815301076,1909f56bfc062723c751e8b465ee728b)  -> (artifact id: 'cfddc1caf88dc8a91adb5f5e081e8e27') in 0.038798 seconds 
  Import took 0.043959 seconds .

========================================================================
Received Import Request.
  Time since last request: 0.670728 seconds.
  path: Assets/Environment/Map Design/Prefabs/Room Prefabs/LRB Rooms/LRB.prefab
  artifactKey: Guid(2b1f699303c288940b0658bddf4bf9a5) Importer(815301076,1909f56bfc062723c751e8b465ee728b)
Start importing Assets/Environment/Map Design/Prefabs/Room Prefabs/LRB Rooms/LRB.prefab using Guid(2b1f699303c288940b0658bddf4bf9a5) Importer(815301076,1909f56bfc062723c751e8b465ee728b)  -> (artifact id: '762d36628274f497d12bb42a5a24992c') in 0.010734 seconds 
  Import took 0.015014 seconds .

========================================================================
Received Import Request.
  Time since last request: 26.566216 seconds.
  path: Assets/Environment/Map Design/Prefabs/Room Prefabs/LRT Prefabs/LRT1.prefab
  artifactKey: Guid(247264c0d302ac54db8f01f412a39cd8) Importer(815301076,1909f56bfc062723c751e8b465ee728b)
Start importing Assets/Environment/Map Design/Prefabs/Room Prefabs/LRT Prefabs/LRT1.prefab using Guid(247264c0d302ac54db8f01f412a39cd8) Importer(815301076,1909f56bfc062723c751e8b465ee728b)  -> (artifact id: '6bba3a02d6913c10ff13f61b31b15a78') in 0.014041 seconds 
  Import took 0.018025 seconds .

========================================================================
Received Import Request.
  Time since last request: 0.000246 seconds.
  path: Assets/Environment/Map Design/Prefabs/Room Prefabs/LRT Prefabs/LRT3.prefab
  artifactKey: Guid(5bf0b50b8b8625b41843b8688717b1e7) Importer(815301076,1909f56bfc062723c751e8b465ee728b)
Start importing Assets/Environment/Map Design/Prefabs/Room Prefabs/LRT Prefabs/LRT3.prefab using Guid(5bf0b50b8b8625b41843b8688717b1e7) Importer(815301076,1909f56bfc062723c751e8b465ee728b)  -> (artifact id: '51546045859e8b103bb46a9617efc108') in 0.013768 seconds 
  Import took 0.017676 seconds .

========================================================================
Received Import Request.
  Time since last request: 0.000260 seconds.
  path: Assets/Environment/Map Design/Prefabs/Room Prefabs/LRT Prefabs/LRT4.prefab
  artifactKey: Guid(dd2f3a9577f1e564a94b8d4e3fe35bcd) Importer(815301076,1909f56bfc062723c751e8b465ee728b)
Start importing Assets/Environment/Map Design/Prefabs/Room Prefabs/LRT Prefabs/LRT4.prefab using Guid(dd2f3a9577f1e564a94b8d4e3fe35bcd) Importer(815301076,1909f56bfc062723c751e8b465ee728b)  -> (artifact id: '74813073c3500d5418aac98509fff65c') in 0.016761 seconds 
  Import took 0.020729 seconds .

========================================================================
Received Import Request.
  Time since last request: 0.000197 seconds.
  path: Assets/Environment/Map Design/Prefabs/Room Prefabs/LRT Prefabs/LRT2.prefab
  artifactKey: Guid(c03ae995a1f26e9498ad3bfd7b2fc14d) Importer(815301076,1909f56bfc062723c751e8b465ee728b)
Start importing Assets/Environment/Map Design/Prefabs/Room Prefabs/LRT Prefabs/LRT2.prefab using Guid(c03ae995a1f26e9498ad3bfd7b2fc14d) Importer(815301076,1909f56bfc062723c751e8b465ee728b)  -> (artifact id: '318a0d9e45c0bde9151600dc0389f991') in 0.014361 seconds 
  Import took 0.018127 seconds .

========================================================================
Received Import Request.
  Time since last request: 0.000219 seconds.
  path: Assets/Environment/Map Design/Prefabs/Room Prefabs/LRT Prefabs/LRT5.prefab
  artifactKey: Guid(97ff37743b414854b9ef6dfcfe07c263) Importer(815301076,1909f56bfc062723c751e8b465ee728b)
Start importing Assets/Environment/Map Design/Prefabs/Room Prefabs/LRT Prefabs/LRT5.prefab using Guid(97ff37743b414854b9ef6dfcfe07c263) Importer(815301076,1909f56bfc062723c751e8b465ee728b)  -> (artifact id: '9c79ef79a8efd4d4e21f9f3a569171ad') in 0.013564 seconds 
  Import took 0.017799 seconds .

========================================================================
Received Prepare
Registering precompiled user dll's ...
Registered in 0.007518 seconds.
Begin MonoManager ReloadAssembly
Native extension for WindowsStandalone target not found
Refreshing native plugins compatible for Editor in 0.58 ms, found 3 plugins.
Preloading 0 native plugins for Editor in 0.00 ms.
Mono: successfully reloaded assembly
- Completed reload, in  1.191 seconds
Domain Reload Profiling:
	ReloadAssembly (1192ms)
		BeginReloadAssembly (121ms)
			ExecutionOrderSort (0ms)
			DisableScriptedObjects (7ms)
			BackupInstance (0ms)
			ReleaseScriptingObjects (0ms)
			CreateAndSetChildDomain (36ms)
		EndReloadAssembly (994ms)
			LoadAssemblies (106ms)
			RebuildTransferFunctionScriptingTraits (0ms)
			SetupTypeCache (339ms)
			ReleaseScriptCaches (1ms)
			RebuildScriptCaches (45ms)
			SetupLoadedEditorAssemblies (368ms)
				LogAssemblyErrors (0ms)
				InitializePlatformSupportModulesInManaged (6ms)
				SetLoadedEditorAssemblies (0ms)
				RefreshPlugins (1ms)
				BeforeProcessingInitializeOnLoad (110ms)
				ProcessInitializeOnLoadAttributes (225ms)
				ProcessInitializeOnLoadMethodAttributes (13ms)
				AfterProcessingInitializeOnLoad (13ms)
				EditorAssembliesLoaded (0ms)
			ExecutionOrderSort2 (0ms)
			AwakeInstancesAfterBackupRestoration (10ms)
Platform modules already initialized, skipping
Refreshing native plugins compatible for Editor in 0.74 ms, found 3 plugins.
Preloading 0 native plugins for Editor in 0.00 ms.
Unloading 2182 Unused Serialized files (Serialized files now loaded: 0)
System memory in use before: 99.4 MB.
System memory in use after: 99.5 MB.

Unloading 17 unused Assets to reduce memory usage. Loaded Objects now: 2658.
Total: 3.952300 ms (FindLiveObjects: 0.267100 ms CreateObjectMapping: 0.053400 ms MarkObjects: 3.605400 ms  DeleteObjects: 0.024500 ms)

AssetImportParameters requested are different than current active one (requested -> active):
  custom:framework-win-MediaFoundation: 216162199b28c13a410421893ffa2e32 -> 
  custom:video-decoder-ogg-theora: a1e56fd34408186e4bbccfd4996cb3dc -> 
  custom:container-muxer-webm: aa71ff27fc2769a1b78a27578f13a17b -> 
  custom:container-demuxer-webm: 4f35f7cbe854078d1ac9338744f61a02 -> 
  custom:container-demuxer-ogg: 62fdf1f143b41e24485cea50d1cbac27 -> 
  custom:video-encoder-webm-vp8: eb34c28f22e8b96e1ab97ce403110664 -> 
  custom:video-decoder-webm-vp8: 9c59270c3fd7afecdb556c50c9e8de78 -> 
  custom:audio-decoder-ogg-vorbis: bf7c407c2cedff20999df2af8eb42d56 -> 
  custom:audio-encoder-webm-vorbis: bf7c407c2cedff20999df2af8eb42d56 -> 
========================================================================
Received Prepare
Registering precompiled user dll's ...
Registered in 0.007432 seconds.
Begin MonoManager ReloadAssembly
Native extension for WindowsStandalone target not found
Refreshing native plugins compatible for Editor in 0.58 ms, found 3 plugins.
Preloading 0 native plugins for Editor in 0.00 ms.
Mono: successfully reloaded assembly
- Completed reload, in  1.161 seconds
Domain Reload Profiling:
	ReloadAssembly (1161ms)
		BeginReloadAssembly (120ms)
			ExecutionOrderSort (0ms)
			DisableScriptedObjects (7ms)
			BackupInstance (0ms)
			ReleaseScriptingObjects (0ms)
			CreateAndSetChildDomain (35ms)
		EndReloadAssembly (962ms)
			LoadAssemblies (104ms)
			RebuildTransferFunctionScriptingTraits (0ms)
			SetupTypeCache (314ms)
			ReleaseScriptCaches (1ms)
			RebuildScriptCaches (48ms)
			SetupLoadedEditorAssemblies (377ms)
				LogAssemblyErrors (0ms)
				InitializePlatformSupportModulesInManaged (6ms)
				SetLoadedEditorAssemblies (1ms)
				RefreshPlugins (1ms)
				BeforeProcessingInitializeOnLoad (104ms)
				ProcessInitializeOnLoadAttributes (239ms)
				ProcessInitializeOnLoadMethodAttributes (15ms)
				AfterProcessingInitializeOnLoad (12ms)
				EditorAssembliesLoaded (0ms)
			ExecutionOrderSort2 (0ms)
			AwakeInstancesAfterBackupRestoration (13ms)
Platform modules already initialized, skipping
Refreshing native plugins compatible for Editor in 0.56 ms, found 3 plugins.
Preloading 0 native plugins for Editor in 0.00 ms.
Unloading 2182 Unused Serialized files (Serialized files now loaded: 0)
System memory in use before: 99.4 MB.
System memory in use after: 99.5 MB.

Unloading 17 unused Assets to reduce memory usage. Loaded Objects now: 2660.
Total: 3.523100 ms (FindLiveObjects: 0.231900 ms CreateObjectMapping: 0.051600 ms MarkObjects: 3.216800 ms  DeleteObjects: 0.021500 ms)

AssetImportParameters requested are different than current active one (requested -> active):
  custom:framework-win-MediaFoundation: 216162199b28c13a410421893ffa2e32 -> 
  custom:video-decoder-ogg-theora: a1e56fd34408186e4bbccfd4996cb3dc -> 
  custom:container-muxer-webm: aa71ff27fc2769a1b78a27578f13a17b -> 
  custom:container-demuxer-webm: 4f35f7cbe854078d1ac9338744f61a02 -> 
  custom:container-demuxer-ogg: 62fdf1f143b41e24485cea50d1cbac27 -> 
  custom:video-encoder-webm-vp8: eb34c28f22e8b96e1ab97ce403110664 -> 
  custom:video-decoder-webm-vp8: 9c59270c3fd7afecdb556c50c9e8de78 -> 
  custom:audio-decoder-ogg-vorbis: bf7c407c2cedff20999df2af8eb42d56 -> 
  custom:audio-encoder-webm-vorbis: bf7c407c2cedff20999df2af8eb42d56 -> 
========================================================================
Received Prepare
Registering precompiled user dll's ...
Registered in 0.008023 seconds.
Begin MonoManager ReloadAssembly
Native extension for WindowsStandalone target not found
Refreshing native plugins compatible for Editor in 0.65 ms, found 3 plugins.
Preloading 0 native plugins for Editor in 0.00 ms.
Mono: successfully reloaded assembly
- Completed reload, in  1.163 seconds
Domain Reload Profiling:
	ReloadAssembly (1163ms)
		BeginReloadAssembly (122ms)
			ExecutionOrderSort (0ms)
			DisableScriptedObjects (7ms)
			BackupInstance (0ms)
			ReleaseScriptingObjects (0ms)
			CreateAndSetChildDomain (35ms)
		EndReloadAssembly (960ms)
			LoadAssemblies (108ms)
			RebuildTransferFunctionScriptingTraits (0ms)
			SetupTypeCache (343ms)
			ReleaseScriptCaches (1ms)
			RebuildScriptCaches (47ms)
			SetupLoadedEditorAssemblies (348ms)
				LogAssemblyErrors (0ms)
				InitializePlatformSupportModulesInManaged (6ms)
				SetLoadedEditorAssemblies (1ms)
				RefreshPlugins (1ms)
				BeforeProcessingInitializeOnLoad (101ms)
				ProcessInitializeOnLoadAttributes (216ms)
				ProcessInitializeOnLoadMethodAttributes (13ms)
				AfterProcessingInitializeOnLoad (10ms)
				EditorAssembliesLoaded (0ms)
			ExecutionOrderSort2 (0ms)
			AwakeInstancesAfterBackupRestoration (10ms)
Platform modules already initialized, skipping
Refreshing native plugins compatible for Editor in 0.67 ms, found 3 plugins.
Preloading 0 native plugins for Editor in 0.00 ms.
Unloading 2182 Unused Serialized files (Serialized files now loaded: 0)
System memory in use before: 99.4 MB.
System memory in use after: 99.5 MB.

Unloading 17 unused Assets to reduce memory usage. Loaded Objects now: 2662.
Total: 4.017100 ms (FindLiveObjects: 0.289200 ms CreateObjectMapping: 0.053100 ms MarkObjects: 3.647500 ms  DeleteObjects: 0.025700 ms)

AssetImportParameters requested are different than current active one (requested -> active):
  custom:framework-win-MediaFoundation: 216162199b28c13a410421893ffa2e32 -> 
  custom:video-decoder-ogg-theora: a1e56fd34408186e4bbccfd4996cb3dc -> 
  custom:container-muxer-webm: aa71ff27fc2769a1b78a27578f13a17b -> 
  custom:container-demuxer-webm: 4f35f7cbe854078d1ac9338744f61a02 -> 
  custom:container-demuxer-ogg: 62fdf1f143b41e24485cea50d1cbac27 -> 
  custom:video-encoder-webm-vp8: eb34c28f22e8b96e1ab97ce403110664 -> 
  custom:video-decoder-webm-vp8: 9c59270c3fd7afecdb556c50c9e8de78 -> 
  custom:audio-decoder-ogg-vorbis: bf7c407c2cedff20999df2af8eb42d56 -> 
  custom:audio-encoder-webm-vorbis: bf7c407c2cedff20999df2af8eb42d56 -> 
AssetImportWorkerClient::OnTransportError - code=2 error=End of file
