Using pre-set license
Built from '2020.3/staging' branch; Version is '2020.3.22f1 (e1a7f79fd887) revision 14788599'; Using compiler version '192528614'; Build Type 'Release'
OS: 'Windows 10 Home; OS build 19043.1348; Version 2009; 64bit' Language: 'en' Physical Memory: 16304 MB
BatchMode: 1, IsHumanControllingUs: 0, StartBugReporterOnCrash: 0, Is64bit: 1, IsPro: 0

COMMAND LINE ARGUMENTS:
C:\Program Files\Unity\Hub\Editor\2020.3.22f1\Editor\Unity.exe
-adb2
-batchMode
-noUpm
-name
AssetImportWorker0
-projectPath
C:/Users/tompo/OneDrive/Desktop/Pink-Team-Spleunky-Working-Version
-logFile
Logs/AssetImportWorker0.log
-srvPort
62722
Successfully changed project path to: C:/Users/tompo/OneDrive/Desktop/Pink-Team-Spleunky-Working-Version
C:/Users/tompo/OneDrive/Desktop/Pink-Team-Spleunky-Working-Version
Using Asset Import Pipeline V2.
Refreshing native plugins compatible for Editor in 53.32 ms, found 3 plugins.
Preloading 0 native plugins for Editor in 0.00 ms.
Initialize engine version: 2020.3.22f1 (e1a7f79fd887)
[Subsystems] Discovering subsystems at path C:/Program Files/Unity/Hub/Editor/2020.3.22f1/Editor/Data/Resources/UnitySubsystems
[Subsystems] Discovering subsystems at path C:/Users/tompo/OneDrive/Desktop/Pink-Team-Spleunky-Working-Version/Assets
GfxDevice: creating device client; threaded=0
Direct3D:
    Version:  Direct3D 11.0 [level 11.1]
    Renderer: NVIDIA GeForce GTX 1060 6GB (ID=0x1c03)
    Vendor:   
    VRAM:     6052 MB
    Driver:   30.0.14.7212
Initialize mono
Mono path[0] = 'C:/Program Files/Unity/Hub/Editor/2020.3.22f1/Editor/Data/Managed'
Mono path[1] = 'C:/Program Files/Unity/Hub/Editor/2020.3.22f1/Editor/Data/MonoBleedingEdge/lib/mono/unityjit'
Mono config path = 'C:/Program Files/Unity/Hub/Editor/2020.3.22f1/Editor/Data/MonoBleedingEdge/etc'
Using monoOptions --debugger-agent=transport=dt_socket,embedding=1,server=y,suspend=n,address=127.0.0.1:56512
Begin MonoManager ReloadAssembly
Registering precompiled unity dll's ...
Register platform support module: C:/Program Files/Unity/Hub/Editor/2020.3.22f1/Editor/Data/PlaybackEngines/WindowsStandaloneSupport/UnityEditor.WindowsStandalone.Extensions.dll
Registered in 0.002803 seconds.
Native extension for WindowsStandalone target not found
Refreshing native plugins compatible for Editor in 51.33 ms, found 3 plugins.
Preloading 0 native plugins for Editor in 0.00 ms.
Mono: successfully reloaded assembly
- Completed reload, in  1.435 seconds
Domain Reload Profiling:
	ReloadAssembly (1435ms)
		BeginReloadAssembly (62ms)
			ExecutionOrderSort (0ms)
			DisableScriptedObjects (0ms)
			BackupInstance (0ms)
			ReleaseScriptingObjects (0ms)
			CreateAndSetChildDomain (1ms)
		EndReloadAssembly (496ms)
			LoadAssemblies (58ms)
			RebuildTransferFunctionScriptingTraits (0ms)
			SetupTypeCache (162ms)
			ReleaseScriptCaches (0ms)
			RebuildScriptCaches (31ms)
			SetupLoadedEditorAssemblies (192ms)
				LogAssemblyErrors (0ms)
				InitializePlatformSupportModulesInManaged (5ms)
				SetLoadedEditorAssemblies (0ms)
				RefreshPlugins (51ms)
				BeforeProcessingInitializeOnLoad (18ms)
				ProcessInitializeOnLoadAttributes (87ms)
				ProcessInitializeOnLoadMethodAttributes (31ms)
				AfterProcessingInitializeOnLoad (0ms)
				EditorAssembliesLoaded (0ms)
			ExecutionOrderSort2 (0ms)
			AwakeInstancesAfterBackupRestoration (0ms)
Platform modules already initialized, skipping
Registering precompiled user dll's ...
Registered in 0.007907 seconds.
Begin MonoManager ReloadAssembly
Native extension for WindowsStandalone target not found
Refreshing native plugins compatible for Editor in 50.75 ms, found 3 plugins.
Preloading 0 native plugins for Editor in 0.00 ms.
Mono: successfully reloaded assembly
- Completed reload, in  1.259 seconds
Domain Reload Profiling:
	ReloadAssembly (1260ms)
		BeginReloadAssembly (159ms)
			ExecutionOrderSort (0ms)
			DisableScriptedObjects (5ms)
			BackupInstance (0ms)
			ReleaseScriptingObjects (0ms)
			CreateAndSetChildDomain (19ms)
		EndReloadAssembly (1024ms)
			LoadAssemblies (110ms)
			RebuildTransferFunctionScriptingTraits (0ms)
			SetupTypeCache (329ms)
			ReleaseScriptCaches (1ms)
			RebuildScriptCaches (49ms)
			SetupLoadedEditorAssemblies (393ms)
				LogAssemblyErrors (0ms)
				InitializePlatformSupportModulesInManaged (5ms)
				SetLoadedEditorAssemblies (0ms)
				RefreshPlugins (51ms)
				BeforeProcessingInitializeOnLoad (97ms)
				ProcessInitializeOnLoadAttributes (211ms)
				ProcessInitializeOnLoadMethodAttributes (18ms)
				AfterProcessingInitializeOnLoad (10ms)
				EditorAssembliesLoaded (0ms)
			ExecutionOrderSort2 (0ms)
			AwakeInstancesAfterBackupRestoration (7ms)
Platform modules already initialized, skipping
========================================================================
Worker process is ready to serve import requests
Launched and connected shader compiler UnityShaderCompiler.exe after 0.07 seconds
Refreshing native plugins compatible for Editor in 0.53 ms, found 3 plugins.
Preloading 0 native plugins for Editor in 0.00 ms.
Unloading 2193 Unused Serialized files (Serialized files now loaded: 0)
System memory in use before: 95.9 MB.
System memory in use after: 96.0 MB.

Unloading 28 unused Assets to reduce memory usage. Loaded Objects now: 2627.
Total: 3.575400 ms (FindLiveObjects: 0.255600 ms CreateObjectMapping: 0.052400 ms MarkObjects: 3.184200 ms  DeleteObjects: 0.081900 ms)

AssetImportParameters requested are different than current active one (requested -> active):
  custom:framework-win-MediaFoundation: 216162199b28c13a410421893ffa2e32 -> 
  custom:video-decoder-ogg-theora: a1e56fd34408186e4bbccfd4996cb3dc -> 
  custom:container-muxer-webm: aa71ff27fc2769a1b78a27578f13a17b -> 
  custom:container-demuxer-webm: 4f35f7cbe854078d1ac9338744f61a02 -> 
  custom:container-demuxer-ogg: 62fdf1f143b41e24485cea50d1cbac27 -> 
  custom:video-encoder-webm-vp8: eb34c28f22e8b96e1ab97ce403110664 -> 
  custom:video-decoder-webm-vp8: 9c59270c3fd7afecdb556c50c9e8de78 -> 
  custom:audio-decoder-ogg-vorbis: bf7c407c2cedff20999df2af8eb42d56 -> 
  custom:audio-encoder-webm-vorbis: bf7c407c2cedff20999df2af8eb42d56 -> 
========================================================================
Received Import Request.
  path: Assets/Environment/Map Design/Sprites/amethyst_cluster.png
  artifactKey: Guid(c9360e80e8cef974d91ec295ac7ea56c) Importer(815301076,1909f56bfc062723c751e8b465ee728b)
Start importing Assets/Environment/Map Design/Sprites/amethyst_cluster.png using Guid(c9360e80e8cef974d91ec295ac7ea56c) Importer(815301076,1909f56bfc062723c751e8b465ee728b)  -> (artifact id: '3d2dcd3b9c30cb84c3bb9673db2b8d93') in 0.145278 seconds 
  Import took 0.149352 seconds .

========================================================================
Received Import Request.
  Time since last request: 45.718090 seconds.
  path: Assets/Environment/Map Design/Sprites/cave_vines_plant_lit.png
  artifactKey: Guid(a630847647e10774bbd18c26b878468f) Importer(815301076,1909f56bfc062723c751e8b465ee728b)
Start importing Assets/Environment/Map Design/Sprites/cave_vines_plant_lit.png using Guid(a630847647e10774bbd18c26b878468f) Importer(815301076,1909f56bfc062723c751e8b465ee728b)  -> (artifact id: '46063bba1e96350ee06706342e20e85e') in 0.022442 seconds 
  Import took 0.027770 seconds .

========================================================================
Received Import Request.
  Time since last request: 15.620707 seconds.
  path: Assets/Environment/Map Design/Sprites/big_dripleaf_stem.png
  artifactKey: Guid(58f3c7fcd790d96478bdb5b9f394dccb) Importer(815301076,1909f56bfc062723c751e8b465ee728b)
Start importing Assets/Environment/Map Design/Sprites/big_dripleaf_stem.png using Guid(58f3c7fcd790d96478bdb5b9f394dccb) Importer(815301076,1909f56bfc062723c751e8b465ee728b)  -> (artifact id: '4e3b7f6bfc9a75a4fa51e17ca6bf28d1') in 0.017031 seconds 
  Import took 0.020686 seconds .

========================================================================
Received Import Request.
  Time since last request: 38.869148 seconds.
  path: Assets/Environment/Map Design/Sprites/stonecutter_saw.png
  artifactKey: Guid(3a8c4073e5e857b41a34d84deb40e8be) Importer(815301076,1909f56bfc062723c751e8b465ee728b)
Start importing Assets/Environment/Map Design/Sprites/stonecutter_saw.png using Guid(3a8c4073e5e857b41a34d84deb40e8be) Importer(815301076,1909f56bfc062723c751e8b465ee728b)  -> (artifact id: 'f71811c760a89bd63e4f91b28b22cf17') in 0.046935 seconds 
  Import took 0.051417 seconds .

========================================================================
Received Import Request.
  Time since last request: 8.042888 seconds.
  path: Assets/Environment/Map Design/Sprites/torch.png
  artifactKey: Guid(48131d3d9b02b0a4eb4351b74aff7dde) Importer(815301076,1909f56bfc062723c751e8b465ee728b)
Start importing Assets/Environment/Map Design/Sprites/torch.png using Guid(48131d3d9b02b0a4eb4351b74aff7dde) Importer(815301076,1909f56bfc062723c751e8b465ee728b)  -> (artifact id: 'fc02b43ff3e80732579e722123be1d49') in 0.018470 seconds 
  Import took 0.022110 seconds .

========================================================================
Received Import Request.
  Time since last request: 13.174917 seconds.
  path: Assets/Environment/Map Design/Sprites/medium_amethyst_bud.png
  artifactKey: Guid(9dde2c9417d9a0140a25ac545b51ae2d) Importer(815301076,1909f56bfc062723c751e8b465ee728b)
Start importing Assets/Environment/Map Design/Sprites/medium_amethyst_bud.png using Guid(9dde2c9417d9a0140a25ac545b51ae2d) Importer(815301076,1909f56bfc062723c751e8b465ee728b)  -> (artifact id: 'b79db6c8b3e6512b59097eaad6f699df') in 0.016576 seconds 
  Import took 0.020149 seconds .

========================================================================
Received Import Request.
  Time since last request: 43.901754 seconds.
  path: Assets/Environment/Map Design/Sprites/chain.png
  artifactKey: Guid(c15b97ce6926b524aa15dd8483f72752) Importer(815301076,1909f56bfc062723c751e8b465ee728b)
Start importing Assets/Environment/Map Design/Sprites/chain.png using Guid(c15b97ce6926b524aa15dd8483f72752) Importer(815301076,1909f56bfc062723c751e8b465ee728b)  -> (artifact id: '9105a8419146fafa88d2a5e86c322794') in 0.017538 seconds 
  Import took 0.021153 seconds .

========================================================================
Received Import Request.
  Time since last request: 85.241517 seconds.
  path: Assets/Environment/Map Design/Sprites/chain.png
  artifactKey: Guid(c15b97ce6926b524aa15dd8483f72752) Importer(815301076,1909f56bfc062723c751e8b465ee728b)
Start importing Assets/Environment/Map Design/Sprites/chain.png using Guid(c15b97ce6926b524aa15dd8483f72752) Importer(815301076,1909f56bfc062723c751e8b465ee728b)  -> (artifact id: '135a16b919b7da53e685e4b372aa9b65') in 0.016665 seconds 
  Import took 0.020510 seconds .

========================================================================
Received Import Request.
  Time since last request: 32.564466 seconds.
  path: Assets/Environment/Map Design/Sprites/big_dripleaf_stem.png
  artifactKey: Guid(58f3c7fcd790d96478bdb5b9f394dccb) Importer(815301076,1909f56bfc062723c751e8b465ee728b)
Start importing Assets/Environment/Map Design/Sprites/big_dripleaf_stem.png using Guid(58f3c7fcd790d96478bdb5b9f394dccb) Importer(815301076,1909f56bfc062723c751e8b465ee728b)  -> (artifact id: 'a8a09be34b55c2acafbd292cf666beab') in 0.018814 seconds 
  Import took 0.022970 seconds .

========================================================================
Received Import Request.
  Time since last request: 10.021546 seconds.
  path: Assets/Environment/Map Design/Sprites/cave_vines_plant_lit.png
  artifactKey: Guid(a630847647e10774bbd18c26b878468f) Importer(815301076,1909f56bfc062723c751e8b465ee728b)
Start importing Assets/Environment/Map Design/Sprites/cave_vines_plant_lit.png using Guid(a630847647e10774bbd18c26b878468f) Importer(815301076,1909f56bfc062723c751e8b465ee728b)  -> (artifact id: 'a72f8046e858e7a2332b92d32e44922a') in 0.017417 seconds 
  Import took 0.021147 seconds .

========================================================================
Received Import Request.
  Time since last request: 186.294694 seconds.
  path: Assets/Environment/Map Design/Sprites/chain.png
  artifactKey: Guid(c15b97ce6926b524aa15dd8483f72752) Importer(815301076,1909f56bfc062723c751e8b465ee728b)
Start importing Assets/Environment/Map Design/Sprites/chain.png using Guid(c15b97ce6926b524aa15dd8483f72752) Importer(815301076,1909f56bfc062723c751e8b465ee728b)  -> (artifact id: '5a5ca3d3af88733a0e679bcaa0934d0d') in 0.015060 seconds 
  Import took 0.019127 seconds .

========================================================================
Received Import Request.
  Time since last request: 5.435572 seconds.
  path: Assets/Environment/Map Design/Sprites/chain.png
  artifactKey: Guid(c15b97ce6926b524aa15dd8483f72752) Importer(815301076,1909f56bfc062723c751e8b465ee728b)
Start importing Assets/Environment/Map Design/Sprites/chain.png using Guid(c15b97ce6926b524aa15dd8483f72752) Importer(815301076,1909f56bfc062723c751e8b465ee728b)  -> (artifact id: '71e8008bb67124c8f15e4e4d1d79693a') in 0.016366 seconds 
  Import took 0.020114 seconds .

========================================================================
Received Import Request.
  Time since last request: 37.703261 seconds.
  path: Assets/Environment/Map Design/Prefabs/Rope prefabs/Chain.prefab
  artifactKey: Guid(82e6508ffaf25254dbdd26eb66a673f1) Importer(815301076,1909f56bfc062723c751e8b465ee728b)
Start importing Assets/Environment/Map Design/Prefabs/Rope prefabs/Chain.prefab using Guid(82e6508ffaf25254dbdd26eb66a673f1) Importer(815301076,1909f56bfc062723c751e8b465ee728b)  -> (artifact id: '0fd3da0370c7d73d4a70f751df911dde') in 0.063702 seconds 
  Import took 0.068561 seconds .

========================================================================
Received Import Request.
  Time since last request: 2.000280 seconds.
  path: Assets/Environment/Map Design/Prefabs/Rope prefabs/cave_vines_plant_lit.prefab
  artifactKey: Guid(a9244f5509fe4404992e2c51f9701156) Importer(815301076,1909f56bfc062723c751e8b465ee728b)
Start importing Assets/Environment/Map Design/Prefabs/Rope prefabs/cave_vines_plant_lit.prefab using Guid(a9244f5509fe4404992e2c51f9701156) Importer(815301076,1909f56bfc062723c751e8b465ee728b)  -> (artifact id: 'b087dbcdebb8d9959252c4d003006158') in 0.016347 seconds 
  Import took 0.021133 seconds .

========================================================================
Received Import Request.
  Time since last request: 1.998292 seconds.
  path: Assets/Environment/Map Design/Prefabs/Rope prefabs/big_dripleaf_stem.prefab
  artifactKey: Guid(99d290ad32202e344a21042f867cf0c4) Importer(815301076,1909f56bfc062723c751e8b465ee728b)
Start importing Assets/Environment/Map Design/Prefabs/Rope prefabs/big_dripleaf_stem.prefab using Guid(99d290ad32202e344a21042f867cf0c4) Importer(815301076,1909f56bfc062723c751e8b465ee728b)  -> (artifact id: '01c5c8101df1819a0cf26bfda36b3caf') in 0.015468 seconds 
  Import took 0.019572 seconds .

========================================================================
Received Import Request.
  Time since last request: 8.256630 seconds.
  path: Assets/Environment/Map Design/Prefabs/Rope prefabs/SpawnRope.prefab
  artifactKey: Guid(3bfb95113a50d7842a78e28331fc1fa3) Importer(815301076,1909f56bfc062723c751e8b465ee728b)
Start importing Assets/Environment/Map Design/Prefabs/Rope prefabs/SpawnRope.prefab using Guid(3bfb95113a50d7842a78e28331fc1fa3) Importer(815301076,1909f56bfc062723c751e8b465ee728b)  -> (artifact id: '3f4ae9711e7024d880129150af0bde1e') in 0.018395 seconds 
  Import took 0.023474 seconds .

========================================================================
Received Import Request.
  Time since last request: 5.491566 seconds.
  path: Assets/Environment/Map Design/Prefabs/Rope prefabs/SpawnRope.prefab
  artifactKey: Guid(3bfb95113a50d7842a78e28331fc1fa3) Importer(815301076,1909f56bfc062723c751e8b465ee728b)
Start importing Assets/Environment/Map Design/Prefabs/Rope prefabs/SpawnRope.prefab using Guid(3bfb95113a50d7842a78e28331fc1fa3) Importer(815301076,1909f56bfc062723c751e8b465ee728b)  -> (artifact id: 'dba68803ae644b09769466767fa4cde8') in 0.014587 seconds 
  Import took 0.018823 seconds .

========================================================================
Received Import Request.
  Time since last request: 3.637512 seconds.
  path: Assets/Environment/Map Design/Prefabs/Rope prefabs/SpawnRope.prefab
  artifactKey: Guid(3bfb95113a50d7842a78e28331fc1fa3) Importer(815301076,1909f56bfc062723c751e8b465ee728b)
Start importing Assets/Environment/Map Design/Prefabs/Rope prefabs/SpawnRope.prefab using Guid(3bfb95113a50d7842a78e28331fc1fa3) Importer(815301076,1909f56bfc062723c751e8b465ee728b)  -> (artifact id: 'ba3b59c7bbad7687a5fc056fc6ab4c98') in 0.012468 seconds 
  Import took 0.017599 seconds .

========================================================================
Received Prepare
Registering precompiled user dll's ...
Registered in 0.108124 seconds.
Begin MonoManager ReloadAssembly
Native extension for WindowsStandalone target not found
Refreshing native plugins compatible for Editor in 0.56 ms, found 3 plugins.
Preloading 0 native plugins for Editor in 0.00 ms.
Mono: successfully reloaded assembly
- Completed reload, in  1.174 seconds
Domain Reload Profiling:
	ReloadAssembly (1174ms)
		BeginReloadAssembly (140ms)
			ExecutionOrderSort (0ms)
			DisableScriptedObjects (9ms)
			BackupInstance (0ms)
			ReleaseScriptingObjects (0ms)
			CreateAndSetChildDomain (46ms)
		EndReloadAssembly (953ms)
			LoadAssemblies (111ms)
			RebuildTransferFunctionScriptingTraits (0ms)
			SetupTypeCache (327ms)
			ReleaseScriptCaches (1ms)
			RebuildScriptCaches (51ms)
			SetupLoadedEditorAssemblies (349ms)
				LogAssemblyErrors (0ms)
				InitializePlatformSupportModulesInManaged (6ms)
				SetLoadedEditorAssemblies (0ms)
				RefreshPlugins (1ms)
				BeforeProcessingInitializeOnLoad (101ms)
				ProcessInitializeOnLoadAttributes (218ms)
				ProcessInitializeOnLoadMethodAttributes (13ms)
				AfterProcessingInitializeOnLoad (11ms)
				EditorAssembliesLoaded (0ms)
			ExecutionOrderSort2 (0ms)
			AwakeInstancesAfterBackupRestoration (10ms)
Platform modules already initialized, skipping
Refreshing native plugins compatible for Editor in 0.53 ms, found 3 plugins.
Preloading 0 native plugins for Editor in 0.00 ms.
Unloading 2182 Unused Serialized files (Serialized files now loaded: 0)
System memory in use before: 98.3 MB.
System memory in use after: 98.4 MB.

Unloading 17 unused Assets to reduce memory usage. Loaded Objects now: 2642.
Total: 3.775400 ms (FindLiveObjects: 0.291600 ms CreateObjectMapping: 0.054500 ms MarkObjects: 3.402800 ms  DeleteObjects: 0.025000 ms)

AssetImportParameters requested are different than current active one (requested -> active):
  custom:framework-win-MediaFoundation: 216162199b28c13a410421893ffa2e32 -> 
  custom:video-decoder-ogg-theora: a1e56fd34408186e4bbccfd4996cb3dc -> 
  custom:container-muxer-webm: aa71ff27fc2769a1b78a27578f13a17b -> 
  custom:container-demuxer-webm: 4f35f7cbe854078d1ac9338744f61a02 -> 
  custom:container-demuxer-ogg: 62fdf1f143b41e24485cea50d1cbac27 -> 
  custom:video-encoder-webm-vp8: eb34c28f22e8b96e1ab97ce403110664 -> 
  custom:video-decoder-webm-vp8: 9c59270c3fd7afecdb556c50c9e8de78 -> 
  custom:audio-decoder-ogg-vorbis: bf7c407c2cedff20999df2af8eb42d56 -> 
  custom:audio-encoder-webm-vorbis: bf7c407c2cedff20999df2af8eb42d56 -> 
========================================================================
Received Import Request.
  Time since last request: 51.404939 seconds.
  path: Assets/Environment/Map Design/Prefabs/Rope prefabs/SpawnRope.prefab
  artifactKey: Guid(3bfb95113a50d7842a78e28331fc1fa3) Importer(815301076,1909f56bfc062723c751e8b465ee728b)
Start importing Assets/Environment/Map Design/Prefabs/Rope prefabs/SpawnRope.prefab using Guid(3bfb95113a50d7842a78e28331fc1fa3) Importer(815301076,1909f56bfc062723c751e8b465ee728b)  -> (artifact id: '043be9653acd648f08cbb56a5597ab9d') in 0.030455 seconds 
  Import took 0.034513 seconds .

========================================================================
Received Prepare
Registering precompiled user dll's ...
Registered in 0.009424 seconds.
Begin MonoManager ReloadAssembly
Native extension for WindowsStandalone target not found
Refreshing native plugins compatible for Editor in 0.74 ms, found 3 plugins.
Preloading 0 native plugins for Editor in 0.00 ms.
Mono: successfully reloaded assembly
- Completed reload, in  1.201 seconds
Domain Reload Profiling:
	ReloadAssembly (1202ms)
		BeginReloadAssembly (127ms)
			ExecutionOrderSort (0ms)
			DisableScriptedObjects (7ms)
			BackupInstance (0ms)
			ReleaseScriptingObjects (0ms)
			CreateAndSetChildDomain (39ms)
		EndReloadAssembly (996ms)
			LoadAssemblies (107ms)
			RebuildTransferFunctionScriptingTraits (0ms)
			SetupTypeCache (341ms)
			ReleaseScriptCaches (1ms)
			RebuildScriptCaches (49ms)
			SetupLoadedEditorAssemblies (376ms)
				LogAssemblyErrors (0ms)
				InitializePlatformSupportModulesInManaged (6ms)
				SetLoadedEditorAssemblies (1ms)
				RefreshPlugins (1ms)
				BeforeProcessingInitializeOnLoad (104ms)
				ProcessInitializeOnLoadAttributes (241ms)
				ProcessInitializeOnLoadMethodAttributes (12ms)
				AfterProcessingInitializeOnLoad (11ms)
				EditorAssembliesLoaded (0ms)
			ExecutionOrderSort2 (0ms)
			AwakeInstancesAfterBackupRestoration (10ms)
Platform modules already initialized, skipping
Refreshing native plugins compatible for Editor in 0.56 ms, found 3 plugins.
Preloading 0 native plugins for Editor in 0.00 ms.
Unloading 2182 Unused Serialized files (Serialized files now loaded: 0)
System memory in use before: 98.3 MB.
System memory in use after: 98.4 MB.

Unloading 17 unused Assets to reduce memory usage. Loaded Objects now: 2644.
Total: 3.865600 ms (FindLiveObjects: 0.275500 ms CreateObjectMapping: 0.053000 ms MarkObjects: 3.512500 ms  DeleteObjects: 0.022700 ms)

AssetImportParameters requested are different than current active one (requested -> active):
  custom:framework-win-MediaFoundation: 216162199b28c13a410421893ffa2e32 -> 
  custom:video-decoder-ogg-theora: a1e56fd34408186e4bbccfd4996cb3dc -> 
  custom:container-muxer-webm: aa71ff27fc2769a1b78a27578f13a17b -> 
  custom:container-demuxer-webm: 4f35f7cbe854078d1ac9338744f61a02 -> 
  custom:container-demuxer-ogg: 62fdf1f143b41e24485cea50d1cbac27 -> 
  custom:video-encoder-webm-vp8: eb34c28f22e8b96e1ab97ce403110664 -> 
  custom:video-decoder-webm-vp8: 9c59270c3fd7afecdb556c50c9e8de78 -> 
  custom:audio-decoder-ogg-vorbis: bf7c407c2cedff20999df2af8eb42d56 -> 
  custom:audio-encoder-webm-vorbis: bf7c407c2cedff20999df2af8eb42d56 -> 
========================================================================
Received Prepare
Registering precompiled user dll's ...
Registered in 0.007588 seconds.
Begin MonoManager ReloadAssembly
Native extension for WindowsStandalone target not found
Refreshing native plugins compatible for Editor in 0.57 ms, found 3 plugins.
Preloading 0 native plugins for Editor in 0.00 ms.
Mono: successfully reloaded assembly
- Completed reload, in  1.196 seconds
Domain Reload Profiling:
	ReloadAssembly (1197ms)
		BeginReloadAssembly (126ms)
			ExecutionOrderSort (0ms)
			DisableScriptedObjects (7ms)
			BackupInstance (0ms)
			ReleaseScriptingObjects (0ms)
			CreateAndSetChildDomain (37ms)
		EndReloadAssembly (991ms)
			LoadAssemblies (109ms)
			RebuildTransferFunctionScriptingTraits (0ms)
			SetupTypeCache (331ms)
			ReleaseScriptCaches (1ms)
			RebuildScriptCaches (48ms)
			SetupLoadedEditorAssemblies (385ms)
				LogAssemblyErrors (0ms)
				InitializePlatformSupportModulesInManaged (6ms)
				SetLoadedEditorAssemblies (0ms)
				RefreshPlugins (1ms)
				BeforeProcessingInitializeOnLoad (110ms)
				ProcessInitializeOnLoadAttributes (243ms)
				ProcessInitializeOnLoadMethodAttributes (13ms)
				AfterProcessingInitializeOnLoad (11ms)
				EditorAssembliesLoaded (0ms)
			ExecutionOrderSort2 (0ms)
			AwakeInstancesAfterBackupRestoration (10ms)
Platform modules already initialized, skipping
Refreshing native plugins compatible for Editor in 0.53 ms, found 3 plugins.
Preloading 0 native plugins for Editor in 0.00 ms.
Unloading 2182 Unused Serialized files (Serialized files now loaded: 0)
System memory in use before: 98.3 MB.
System memory in use after: 98.4 MB.

Unloading 17 unused Assets to reduce memory usage. Loaded Objects now: 2646.
Total: 4.779200 ms (FindLiveObjects: 0.411600 ms CreateObjectMapping: 0.095000 ms MarkObjects: 4.239900 ms  DeleteObjects: 0.030100 ms)

AssetImportParameters requested are different than current active one (requested -> active):
  custom:framework-win-MediaFoundation: 216162199b28c13a410421893ffa2e32 -> 
  custom:video-decoder-ogg-theora: a1e56fd34408186e4bbccfd4996cb3dc -> 
  custom:container-muxer-webm: aa71ff27fc2769a1b78a27578f13a17b -> 
  custom:container-demuxer-webm: 4f35f7cbe854078d1ac9338744f61a02 -> 
  custom:container-demuxer-ogg: 62fdf1f143b41e24485cea50d1cbac27 -> 
  custom:video-encoder-webm-vp8: eb34c28f22e8b96e1ab97ce403110664 -> 
  custom:video-decoder-webm-vp8: 9c59270c3fd7afecdb556c50c9e8de78 -> 
  custom:audio-decoder-ogg-vorbis: bf7c407c2cedff20999df2af8eb42d56 -> 
  custom:audio-encoder-webm-vorbis: bf7c407c2cedff20999df2af8eb42d56 -> 
